!SESSION 2016-06-26 23:41:23.837 -----------------------------------------------
eclipse.buildId=unknown
java.version=1.8.0_65
java.vendor=Oracle Corporation
BootLoader constants: OS=linux, ARCH=x86_64, WS=gtk, NL=en_US

!ENTRY org.eclipse.equinox.ds 4 0 2016-06-26 23:41:23.838
!MESSAGE Could not bind a reference of component analytics.api.component. The reference is: Reference[name = analytics.component, interface = org.wso2.carbon.analytics.dataservice.core.AnalyticsDataService, policy = dynamic, cardinality = 0..1, target = null, bind = setAnalyticsDataService, unbind = unsetAnalyticsDataService]

!ENTRY org.eclipse.equinox.ds 4 0 2016-06-26 23:41:23.838
!MESSAGE Could not bind a reference of component analytics.api.component. The reference is: Reference[name = analytics.component, interface = org.wso2.carbon.analytics.dataservice.core.AnalyticsDataService, policy = dynamic, cardinality = 0..1, target = null, bind = setAnalyticsDataService, unbind = unsetAnalyticsDataService]

!ENTRY org.eclipse.equinox.ds 4 0 2016-06-26 23:41:23.838
!MESSAGE Could not bind a reference of component analytics.api.component. The reference is: Reference[name = analytics.secure.component, interface = org.wso2.carbon.analytics.dataservice.core.SecureAnalyticsDataService, policy = dynamic, cardinality = 0..1, target = null, bind = setSecureAnalyticsDataService, unbind = unsetSecureAnalyticsDataService]

!ENTRY org.eclipse.equinox.ds 4 0 2016-06-26 23:41:23.839
!MESSAGE Could not bind a reference of component analytics.api.component. The reference is: Reference[name = analytics.secure.component, interface = org.wso2.carbon.analytics.dataservice.core.SecureAnalyticsDataService, policy = dynamic, cardinality = 0..1, target = null, bind = setSecureAnalyticsDataService, unbind = unsetSecureAnalyticsDataService]

!ENTRY org.eclipse.equinox.ds 4 0 2016-06-26 23:41:24.019
!MESSAGE Could not bind a reference of component org.wso2.carbon.caching.impl.internal.CachingServiceComponent. The reference is: Reference[name = distributedMapProvider, interface = org.wso2.carbon.caching.impl.DistributedMapProvider, policy = dynamic, cardinality = 0..1, target = null, bind = setDistributedMapProvider, unbind = unsetDistributedMapProvider]

!ENTRY org.eclipse.equinox.ds 4 0 2016-06-26 23:41:24.019
!MESSAGE Could not bind a reference of component org.wso2.carbon.caching.impl.internal.CachingServiceComponent. The reference is: Reference[name = distributedMapProvider, interface = org.wso2.carbon.caching.impl.DistributedMapProvider, policy = dynamic, cardinality = 0..1, target = null, bind = setDistributedMapProvider, unbind = unsetDistributedMapProvider]

!ENTRY org.eclipse.equinox.ds 4 0 2016-06-26 23:41:24.323
!MESSAGE Could not bind a reference of component event.output.adapter.service. The reference is: Reference[name = config.context.service, interface = org.wso2.carbon.utils.ConfigurationContextService, policy = dynamic, cardinality = 0..1, target = null, bind = setConfigurationContextService, unbind = unsetConfigurationContextService]

!ENTRY org.eclipse.equinox.ds 4 0 2016-06-26 23:41:24.323
!MESSAGE Could not bind a reference of component event.output.adapter.service. The reference is: Reference[name = config.context.service, interface = org.wso2.carbon.utils.ConfigurationContextService, policy = dynamic, cardinality = 0..1, target = null, bind = setConfigurationContextService, unbind = unsetConfigurationContextService]

!ENTRY org.eclipse.equinox.ds 4 0 2016-06-26 23:41:24.362
!MESSAGE Could not bind a reference of component org.wso2.carbon.ndatasource. The reference is: Reference[name = registry.service, interface = org.wso2.carbon.registry.core.service.RegistryService, policy = dynamic, cardinality = 0..1, target = null, bind = setRegistryService, unbind = unsetRegistryService]

!ENTRY org.eclipse.equinox.ds 4 0 2016-06-26 23:41:24.362
!MESSAGE Could not bind a reference of component org.wso2.carbon.ndatasource. The reference is: Reference[name = registry.service, interface = org.wso2.carbon.registry.core.service.RegistryService, policy = dynamic, cardinality = 0..1, target = null, bind = setRegistryService, unbind = unsetRegistryService]

!ENTRY org.eclipse.equinox.ds 4 0 2016-06-26 23:41:24.597
!MESSAGE Could not bind a reference of component org.wso2.carbon.ndatasource. The reference is: Reference[name = user.realmservice.default, interface = org.wso2.carbon.user.core.service.RealmService, policy = dynamic, cardinality = 0..1, target = null, bind = setRealmService, unbind = unsetRealmService]

!ENTRY org.eclipse.equinox.ds 4 0 2016-06-26 23:41:24.597
!MESSAGE Could not bind a reference of component org.wso2.carbon.ndatasource. The reference is: Reference[name = user.realmservice.default, interface = org.wso2.carbon.user.core.service.RealmService, policy = dynamic, cardinality = 0..1, target = null, bind = setRealmService, unbind = unsetRealmService]

!ENTRY org.eclipse.equinox.ds 4 0 2016-06-26 23:41:24.598
!MESSAGE Could not bind a reference of component org.wso2.carbon.ndatasource. The reference is: Reference[name = config.context.service, interface = org.wso2.carbon.utils.ConfigurationContextService, policy = dynamic, cardinality = 0..1, target = null, bind = setConfigurationContextService, unbind = unsetConfigurationContextService]

!ENTRY org.eclipse.equinox.ds 4 0 2016-06-26 23:41:24.598
!MESSAGE Could not bind a reference of component org.wso2.carbon.ndatasource. The reference is: Reference[name = config.context.service, interface = org.wso2.carbon.utils.ConfigurationContextService, policy = dynamic, cardinality = 0..1, target = null, bind = setConfigurationContextService, unbind = unsetConfigurationContextService]

!ENTRY org.eclipse.equinox.ds 4 0 2016-06-26 23:41:24.717
!MESSAGE Could not bind a reference of component org.wso2.carbon.tomcat.internal.CarbonTomcatServiceComponent. The reference is: Reference[name = sci, interface = javax.servlet.ServletContainerInitializer, policy = dynamic, cardinality = 0..n, target = null, bind = setServletContainerInitializer, unbind = unsetServletContainerInitializer]

!ENTRY org.eclipse.equinox.ds 4 0 2016-06-26 23:41:24.717
!MESSAGE Could not bind a reference of component org.wso2.carbon.tomcat.internal.CarbonTomcatServiceComponent. The reference is: Reference[name = sci, interface = javax.servlet.ServletContainerInitializer, policy = dynamic, cardinality = 0..n, target = null, bind = setServletContainerInitializer, unbind = unsetServletContainerInitializer]

!ENTRY org.wso2.carbon.um.ws.service 2 0 2016-06-26 23:41:24.807
!MESSAGE [SCR] Found components with duplicated names! Details: 
Component1 : Component[
	name = remote.um.api.component
	factory = null
	autoenable = true
	immediate = true
	implementation = org.wso2.carbon.um.ws.service.internal.UMRemoteServicesDSComponent
	state = Unsatisfied
	properties = {service.pid=remote.um.api.component}
	serviceFactory = false
	serviceInterface = null
	references = {
		Reference[name = user.realmservice.default, interface = org.wso2.carbon.user.core.service.RealmService, policy = dynamic, cardinality = 1..1, target = null, bind = setRealmService, unbind = unsetRealmService]
		Reference[name = registry.service, interface = org.wso2.carbon.registry.core.service.RegistryService, policy = dynamic, cardinality = 1..1, target = null, bind = setRegistryService, unbind = unsetRegistryService]
	}
	located in bundle = org.wso2.carbon.um.ws.service_4.5.6 [307]
]
Component2: Component[
	name = remote.um.api.component
	factory = null
	autoenable = true
	immediate = true
	implementation = org.wso2.carbon.um.ws.api.internal.UserMgtWSAPIDSComponent
	state = Unsatisfied
	properties = {service.pid=remote.um.api.component}
	serviceFactory = false
	serviceInterface = null
	references = {
		Reference[name = config.context.service, interface = org.wso2.carbon.utils.ConfigurationContextService, policy = dynamic, cardinality = 1..1, target = null, bind = setConfigurationContextService, unbind = unsetConfigurationContextService]
	}
	located in bundle = org.wso2.carbon.um.ws.api_4.5.6 [305]
]  

!ENTRY org.eclipse.equinox.ds 4 0 2016-06-26 23:41:25.548
!MESSAGE Could not bind a reference of component org.wso2.carbon.identity.user.store.configuration.component. The reference is: Reference[name = user.store.config.event.listener.service, interface = org.wso2.carbon.identity.user.store.configuration.listener.UserStoreConfigListener, policy = dynamic, cardinality = 0..n, target = null, bind = setUserStoreConfigListenerService, unbind = unsetIdentityProviderMgtListerService]

!ENTRY org.eclipse.equinox.ds 4 0 2016-06-26 23:41:25.548
!MESSAGE Could not bind a reference of component org.wso2.carbon.identity.user.store.configuration.component. The reference is: Reference[name = user.store.config.event.listener.service, interface = org.wso2.carbon.identity.user.store.configuration.listener.UserStoreConfigListener, policy = dynamic, cardinality = 0..n, target = null, bind = setUserStoreConfigListenerService, unbind = unsetIdentityProviderMgtListerService]

!ENTRY org.eclipse.equinox.ds 4 0 2016-06-26 23:41:25.567
!MESSAGE Could not bind a reference of component registry.core.dscomponent. The reference is: Reference[name = statistics.collector, interface = org.wso2.carbon.registry.core.statistics.StatisticsCollector, policy = dynamic, cardinality = 0..n, target = null, bind = setStatisticsCollector, unbind = unsetStatisticsCollector]

!ENTRY org.eclipse.equinox.ds 4 0 2016-06-26 23:41:25.568
!MESSAGE Could not bind a reference of component registry.core.dscomponent. The reference is: Reference[name = statistics.collector, interface = org.wso2.carbon.registry.core.statistics.StatisticsCollector, policy = dynamic, cardinality = 0..n, target = null, bind = setStatisticsCollector, unbind = unsetStatisticsCollector]

!ENTRY org.eclipse.equinox.ds 4 0 2016-06-26 23:41:25.569
!MESSAGE Could not bind a reference of component registry.core.dscomponent. The reference is: Reference[name = CacheInvalidator, interface = org.wso2.carbon.caching.impl.CacheInvalidator, policy = dynamic, cardinality = 0..n, target = null, bind = setCacheInvalidatorService, unbind = unSetCacheInvalidatorService]

!ENTRY org.eclipse.equinox.ds 4 0 2016-06-26 23:41:25.569
!MESSAGE Could not bind a reference of component registry.core.dscomponent. The reference is: Reference[name = CacheInvalidator, interface = org.wso2.carbon.caching.impl.CacheInvalidator, policy = dynamic, cardinality = 0..n, target = null, bind = setCacheInvalidatorService, unbind = unSetCacheInvalidatorService]

!ENTRY org.eclipse.equinox.ds 4 0 2016-06-26 23:41:26.114
!MESSAGE Could not bind a reference of component org.wso2.carbon.registry.server. The reference is: Reference[name = config.context.service, interface = org.wso2.carbon.utils.ConfigurationContextService, policy = dynamic, cardinality = 0..1, target = null, bind = setConfigurationContextService, unbind = unsetConfigurationContextService]

!ENTRY org.eclipse.equinox.ds 4 0 2016-06-26 23:41:26.114
!MESSAGE Could not bind a reference of component org.wso2.carbon.registry.server. The reference is: Reference[name = config.context.service, interface = org.wso2.carbon.utils.ConfigurationContextService, policy = dynamic, cardinality = 0..1, target = null, bind = setConfigurationContextService, unbind = unsetConfigurationContextService]

!ENTRY org.eclipse.equinox.ds 4 0 2016-06-26 23:41:26.300
!MESSAGE Could not bind a reference of component org.wso2.carbon.user.core.listener. The reference is: Reference[name = authorization.manager.listener.service, interface = org.wso2.carbon.user.core.listener.AuthorizationManagerListener, policy = dynamic, cardinality = 0..n, target = null, bind = setAuthorizationManagerListenerService, unbind = unsetAuthorizationManagerListenerService]

!ENTRY org.eclipse.equinox.ds 4 0 2016-06-26 23:41:26.300
!MESSAGE Could not bind a reference of component org.wso2.carbon.user.core.listener. The reference is: Reference[name = authorization.manager.listener.service, interface = org.wso2.carbon.user.core.listener.AuthorizationManagerListener, policy = dynamic, cardinality = 0..n, target = null, bind = setAuthorizationManagerListenerService, unbind = unsetAuthorizationManagerListenerService]

!ENTRY org.eclipse.equinox.ds 4 0 2016-06-26 23:41:26.300
!MESSAGE Could not bind a reference of component org.wso2.carbon.user.core.listener. The reference is: Reference[name = user.store.manager.listener.service, interface = org.wso2.carbon.user.core.listener.UserStoreManagerListener, policy = dynamic, cardinality = 0..n, target = null, bind = setUserStoreManagerListenerService, unbind = unsetUserStoreManagerListenerService]

!ENTRY org.eclipse.equinox.ds 4 0 2016-06-26 23:41:26.300
!MESSAGE Could not bind a reference of component org.wso2.carbon.user.core.listener. The reference is: Reference[name = user.store.manager.listener.service, interface = org.wso2.carbon.user.core.listener.UserStoreManagerListener, policy = dynamic, cardinality = 0..n, target = null, bind = setUserStoreManagerListenerService, unbind = unsetUserStoreManagerListenerService]

!ENTRY org.eclipse.equinox.ds 4 0 2016-06-26 23:41:26.300
!MESSAGE Could not bind a reference of component org.wso2.carbon.user.core.listener. The reference is: Reference[name = user.operation.event.listener.service, interface = org.wso2.carbon.user.core.listener.UserOperationEventListener, policy = dynamic, cardinality = 0..n, target = null, bind = setUserOperationEventListenerService, unbind = unsetUserOperationEventListenerService]

!ENTRY org.eclipse.equinox.ds 4 0 2016-06-26 23:41:26.301
!MESSAGE Could not bind a reference of component org.wso2.carbon.user.core.listener. The reference is: Reference[name = user.operation.event.listener.service, interface = org.wso2.carbon.user.core.listener.UserOperationEventListener, policy = dynamic, cardinality = 0..n, target = null, bind = setUserOperationEventListenerService, unbind = unsetUserOperationEventListenerService]

!ENTRY org.eclipse.equinox.ds 4 0 2016-06-26 23:41:26.301
!MESSAGE Could not bind a reference of component org.wso2.carbon.user.core.listener. The reference is: Reference[name = claim.manager.listener.service, interface = org.wso2.carbon.user.core.listener.ClaimManagerListener, policy = dynamic, cardinality = 0..n, target = null, bind = setClaimManagerListenerService, unbind = unsetClaimManagerListenerService]

!ENTRY org.eclipse.equinox.ds 4 0 2016-06-26 23:41:26.301
!MESSAGE Could not bind a reference of component org.wso2.carbon.user.core.listener. The reference is: Reference[name = claim.manager.listener.service, interface = org.wso2.carbon.user.core.listener.ClaimManagerListener, policy = dynamic, cardinality = 0..n, target = null, bind = setClaimManagerListenerService, unbind = unsetClaimManagerListenerService]

!ENTRY org.eclipse.equinox.ds 4 0 2016-06-26 23:41:26.301
!MESSAGE Could not bind a reference of component org.wso2.carbon.user.core.listener. The reference is: Reference[name = ldap.tenant.manager.listener.service, interface = org.wso2.carbon.user.core.tenant.LDAPTenantManager, policy = dynamic, cardinality = 0..n, target = null, bind = addLDAPTenantManager, unbind = removeLDAPTenantManager]

!ENTRY org.eclipse.equinox.ds 4 0 2016-06-26 23:41:26.301
!MESSAGE Could not bind a reference of component org.wso2.carbon.user.core.listener. The reference is: Reference[name = ldap.tenant.manager.listener.service, interface = org.wso2.carbon.user.core.tenant.LDAPTenantManager, policy = dynamic, cardinality = 0..n, target = null, bind = addLDAPTenantManager, unbind = removeLDAPTenantManager]

!ENTRY org.eclipse.equinox.ds 4 0 2016-06-26 23:41:26.559
!MESSAGE Could not bind a reference of component org.wso2.carbon.context.internal.CarbonContextDiscoveryServiceComponent. The reference is: Reference[name = discoveryService, interface = org.wso2.carbon.base.DiscoveryService, policy = dynamic, cardinality = 0..1, target = null, bind = setDiscoveryService, unbind = unsetDiscoveryService]

!ENTRY org.eclipse.equinox.ds 4 0 2016-06-26 23:41:26.559
!MESSAGE Could not bind a reference of component org.wso2.carbon.context.internal.CarbonContextDiscoveryServiceComponent. The reference is: Reference[name = discoveryService, interface = org.wso2.carbon.base.DiscoveryService, policy = dynamic, cardinality = 0..1, target = null, bind = setDiscoveryService, unbind = unsetDiscoveryService]

!ENTRY org.eclipse.equinox.ds 4 0 2016-06-26 23:41:26.576
!MESSAGE Could not bind a reference of component org.wso2.carbon.webapp.mgt.internal.UrlMapperServiceComponent. The reference is: Reference[name = url.mapper.service, interface = org.wso2.carbon.url.mapper.HotUpdateService, policy = dynamic, cardinality = 0..1, target = null, bind = setHotUpdateService, unbind = unsetHotUpdateService]

!ENTRY org.eclipse.equinox.ds 4 0 2016-06-26 23:41:26.576
!MESSAGE Could not bind a reference of component org.wso2.carbon.webapp.mgt.internal.UrlMapperServiceComponent. The reference is: Reference[name = url.mapper.service, interface = org.wso2.carbon.url.mapper.HotUpdateService, policy = dynamic, cardinality = 0..1, target = null, bind = setHotUpdateService, unbind = unsetHotUpdateService]

!ENTRY org.eclipse.equinox.ds 4 0 2016-06-26 23:41:26.578
!MESSAGE [SCR] Exception while activating instance org.wso2.carbon.webapp.mgt.internal.UrlMapperServiceComponent@30476ef4 of component org.wso2.carbon.webapp.mgt.internal.UrlMapperServiceComponent  
!STACK 0
java.lang.NoClassDefFoundError: org/wso2/carbon/url/mapper/HotUpdateService
	at java.lang.Class.getDeclaredMethods0(Native Method)
	at java.lang.Class.privateGetDeclaredMethods(Class.java:2701)
	at java.lang.Class.getDeclaredMethod(Class.java:2128)
	at org.eclipse.equinox.internal.ds.model.ServiceComponent.getMethod(ServiceComponent.java:156)
	at org.eclipse.equinox.internal.ds.model.ServiceComponent.activate(ServiceComponent.java:253)
	at org.eclipse.equinox.internal.ds.model.ServiceComponentProp.activate(ServiceComponentProp.java:146)
	at org.eclipse.equinox.internal.ds.model.ServiceComponentProp.build(ServiceComponentProp.java:345)
	at org.eclipse.equinox.internal.ds.InstanceProcess.buildComponent(InstanceProcess.java:620)
	at org.eclipse.equinox.internal.ds.InstanceProcess.buildComponents(InstanceProcess.java:197)
	at org.eclipse.equinox.internal.ds.Resolver.buildNewlySatisfied(Resolver.java:473)
	at org.eclipse.equinox.internal.ds.Resolver.enableComponents(Resolver.java:217)
	at org.eclipse.equinox.internal.ds.SCRManager.performWork(SCRManager.java:816)
	at org.eclipse.equinox.internal.ds.SCRManager$QueuedJob.dispatch(SCRManager.java:783)
	at org.eclipse.equinox.internal.ds.WorkThread.run(WorkThread.java:89)
	at org.eclipse.equinox.internal.util.impl.tpt.threadpool.Executor.run(Executor.java:70)
Caused by: java.lang.ClassNotFoundException: org.wso2.carbon.url.mapper.HotUpdateService cannot be found by org.wso2.carbon.webapp.mgt_4.5.2
	at org.eclipse.osgi.internal.loader.BundleLoader.findClassInternal(BundleLoader.java:501)
	at org.eclipse.osgi.internal.loader.BundleLoader.findClass(BundleLoader.java:421)
	at org.eclipse.osgi.internal.loader.BundleLoader.findClass(BundleLoader.java:412)
	at org.eclipse.osgi.internal.baseadaptor.DefaultClassLoader.loadClass(DefaultClassLoader.java:107)
	at java.lang.ClassLoader.loadClass(ClassLoader.java:357)
	... 15 more

!ENTRY org.eclipse.equinox.ds 4 0 2016-06-26 23:41:26.579
!MESSAGE [SCR] Exception while activating instance org.wso2.carbon.webapp.mgt.internal.UrlMapperServiceComponent@30476ef4 of component org.wso2.carbon.webapp.mgt.internal.UrlMapperServiceComponent  
!STACK 0
java.lang.NoClassDefFoundError: org/wso2/carbon/url/mapper/HotUpdateService
	at java.lang.Class.getDeclaredMethods0(Native Method)
	at java.lang.Class.privateGetDeclaredMethods(Class.java:2701)
	at java.lang.Class.getDeclaredMethod(Class.java:2128)
	at org.eclipse.equinox.internal.ds.model.ServiceComponent.getMethod(ServiceComponent.java:156)
	at org.eclipse.equinox.internal.ds.model.ServiceComponent.activate(ServiceComponent.java:253)
	at org.eclipse.equinox.internal.ds.model.ServiceComponentProp.activate(ServiceComponentProp.java:146)
	at org.eclipse.equinox.internal.ds.model.ServiceComponentProp.build(ServiceComponentProp.java:345)
	at org.eclipse.equinox.internal.ds.InstanceProcess.buildComponent(InstanceProcess.java:620)
	at org.eclipse.equinox.internal.ds.InstanceProcess.buildComponents(InstanceProcess.java:197)
	at org.eclipse.equinox.internal.ds.Resolver.buildNewlySatisfied(Resolver.java:473)
	at org.eclipse.equinox.internal.ds.Resolver.enableComponents(Resolver.java:217)
	at org.eclipse.equinox.internal.ds.SCRManager.performWork(SCRManager.java:816)
	at org.eclipse.equinox.internal.ds.SCRManager$QueuedJob.dispatch(SCRManager.java:783)
	at org.eclipse.equinox.internal.ds.WorkThread.run(WorkThread.java:89)
	at org.eclipse.equinox.internal.util.impl.tpt.threadpool.Executor.run(Executor.java:70)
Caused by: java.lang.ClassNotFoundException: org.wso2.carbon.url.mapper.HotUpdateService cannot be found by org.wso2.carbon.webapp.mgt_4.5.2
	at org.eclipse.osgi.internal.loader.BundleLoader.findClassInternal(BundleLoader.java:501)
	at org.eclipse.osgi.internal.loader.BundleLoader.findClass(BundleLoader.java:421)
	at org.eclipse.osgi.internal.loader.BundleLoader.findClass(BundleLoader.java:412)
	at org.eclipse.osgi.internal.baseadaptor.DefaultClassLoader.loadClass(DefaultClassLoader.java:107)
	at java.lang.ClassLoader.loadClass(ClassLoader.java:357)
	... 15 more

!ENTRY org.eclipse.equinox.ds 4 0 2016-06-26 23:41:35.743
!MESSAGE Could not bind a reference of component carbon.core.dscomponent. The reference is: Reference[name = serverShutdownHandler, interface = org.wso2.carbon.core.ServerShutdownHandler, policy = dynamic, cardinality = 0..n, target = null, bind = addServerShutdownHandler, unbind = removeServerShutdownHandler]

!ENTRY org.eclipse.equinox.ds 4 0 2016-06-26 23:41:35.743
!MESSAGE Could not bind a reference of component carbon.core.dscomponent. The reference is: Reference[name = serverShutdownHandler, interface = org.wso2.carbon.core.ServerShutdownHandler, policy = dynamic, cardinality = 0..n, target = null, bind = addServerShutdownHandler, unbind = removeServerShutdownHandler]

!ENTRY org.eclipse.equinox.ds 4 0 2016-06-26 23:41:35.743
!MESSAGE Could not bind a reference of component carbon.core.dscomponent. The reference is: Reference[name = serverRestartHandler, interface = org.wso2.carbon.core.ServerRestartHandler, policy = dynamic, cardinality = 0..n, target = null, bind = addServerRestartHandler, unbind = removeServerRestartHandler]

!ENTRY org.eclipse.equinox.ds 4 0 2016-06-26 23:41:35.743
!MESSAGE Could not bind a reference of component carbon.core.dscomponent. The reference is: Reference[name = serverRestartHandler, interface = org.wso2.carbon.core.ServerRestartHandler, policy = dynamic, cardinality = 0..n, target = null, bind = addServerRestartHandler, unbind = removeServerRestartHandler]

!ENTRY org.eclipse.equinox.ds 4 0 2016-06-26 23:41:35.743
!MESSAGE Could not bind a reference of component carbon.core.dscomponent. The reference is: Reference[name = serverStartupHandler, interface = org.wso2.carbon.core.ServerStartupHandler, policy = dynamic, cardinality = 0..n, target = null, bind = addServerStartupHandler, unbind = removeServerStartupHandler]

!ENTRY org.eclipse.equinox.ds 4 0 2016-06-26 23:41:35.744
!MESSAGE Could not bind a reference of component carbon.core.dscomponent. The reference is: Reference[name = serverStartupHandler, interface = org.wso2.carbon.core.ServerStartupHandler, policy = dynamic, cardinality = 0..n, target = null, bind = addServerStartupHandler, unbind = removeServerStartupHandler]

!ENTRY org.eclipse.equinox.ds 4 0 2016-06-26 23:41:35.744
!MESSAGE Could not bind a reference of component carbon.core.dscomponent. The reference is: Reference[name = coordinatedActivity, interface = org.wso2.carbon.core.clustering.api.CoordinatedActivity, policy = dynamic, cardinality = 0..n, target = null, bind = addCoordinatedActivity, unbind = removeCoordinatedActivity]

!ENTRY org.eclipse.equinox.ds 4 0 2016-06-26 23:41:35.744
!MESSAGE Could not bind a reference of component carbon.core.dscomponent. The reference is: Reference[name = coordinatedActivity, interface = org.wso2.carbon.core.clustering.api.CoordinatedActivity, policy = dynamic, cardinality = 0..n, target = null, bind = addCoordinatedActivity, unbind = removeCoordinatedActivity]

!ENTRY org.eclipse.equinox.ds 4 0 2016-06-26 23:41:35.744
!MESSAGE Could not bind a reference of component carbon.core.dscomponent. The reference is: Reference[name = serverStartupObserver, interface = org.wso2.carbon.core.ServerStartupObserver, policy = dynamic, cardinality = 0..n, target = null, bind = addServerStartupObserver, unbind = removeServerStartupObserver]

!ENTRY org.eclipse.equinox.ds 4 0 2016-06-26 23:41:35.744
!MESSAGE Could not bind a reference of component carbon.core.dscomponent. The reference is: Reference[name = serverStartupObserver, interface = org.wso2.carbon.core.ServerStartupObserver, policy = dynamic, cardinality = 0..n, target = null, bind = addServerStartupObserver, unbind = removeServerStartupObserver]

!ENTRY org.eclipse.equinox.ds 4 0 2016-06-26 23:41:37.730
!MESSAGE Could not bind a reference of component application.deployer.dscomponent. The reference is: Reference[name = app.handler, interface = org.wso2.carbon.application.deployer.handler.AppDeploymentHandler, policy = dynamic, cardinality = 0..n, target = null, bind = setAppHandler, unbind = unsetAppHandler]

!ENTRY org.eclipse.equinox.ds 4 0 2016-06-26 23:41:37.731
!MESSAGE Could not bind a reference of component application.deployer.dscomponent. The reference is: Reference[name = app.handler, interface = org.wso2.carbon.application.deployer.handler.AppDeploymentHandler, policy = dynamic, cardinality = 0..n, target = null, bind = setAppHandler, unbind = unsetAppHandler]

!ENTRY org.eclipse.equinox.ds 4 0 2016-06-26 23:41:42.749
!MESSAGE Could not bind a reference of component core.ui.dscomponent. The reference is: Reference[name = ui.authentication.extender, interface = org.wso2.carbon.ui.UIAuthenticationExtender, policy = dynamic, cardinality = 0..1, target = null, bind = setUIAuthenticationExtender, unbind = unsetUIAuthenticationExtender]

!ENTRY org.eclipse.equinox.ds 4 0 2016-06-26 23:41:42.749
!MESSAGE Could not bind a reference of component core.ui.dscomponent. The reference is: Reference[name = ui.authentication.extender, interface = org.wso2.carbon.ui.UIAuthenticationExtender, policy = dynamic, cardinality = 0..1, target = null, bind = setUIAuthenticationExtender, unbind = unsetUIAuthenticationExtender]

!ENTRY org.eclipse.equinox.ds 4 0 2016-06-26 23:41:42.942
!MESSAGE Could not bind a reference of component org.wso2.carbon.webapp.mgt.internal.WebappManagementServiceComponent. The reference is: Reference[name = depsych.service, interface = org.wso2.carbon.core.deployment.DeploymentSynchronizer, policy = dynamic, cardinality = 0..1, target = null, bind = setDeploymentSynchronizerService, unbind = unsetDeploymentSynchronizerService]

!ENTRY org.eclipse.equinox.ds 4 0 2016-06-26 23:41:42.942
!MESSAGE Could not bind a reference of component org.wso2.carbon.webapp.mgt.internal.WebappManagementServiceComponent. The reference is: Reference[name = depsych.service, interface = org.wso2.carbon.core.deployment.DeploymentSynchronizer, policy = dynamic, cardinality = 0..1, target = null, bind = setDeploymentSynchronizerService, unbind = unsetDeploymentSynchronizerService]

!ENTRY org.eclipse.equinox.ds 4 0 2016-06-26 23:41:42.948
!MESSAGE Could not bind a reference of component org.wso2.carbon.registry.resource. The reference is: Reference[name = registry.notification.service, interface = org.wso2.carbon.registry.common.eventing.NotificationService, policy = dynamic, cardinality = 0..1, target = null, bind = setRegistryNotificationService, unbind = unsetRegistryNotificationService]

!ENTRY org.eclipse.equinox.ds 4 0 2016-06-26 23:41:42.948
!MESSAGE Could not bind a reference of component org.wso2.carbon.registry.resource. The reference is: Reference[name = registry.notification.service, interface = org.wso2.carbon.registry.common.eventing.NotificationService, policy = dynamic, cardinality = 0..1, target = null, bind = setRegistryNotificationService, unbind = unsetRegistryNotificationService]

!ENTRY org.eclipse.equinox.ds 4 0 2016-06-26 23:41:42.948
!MESSAGE Could not bind a reference of component org.wso2.carbon.registry.resource. The reference is: Reference[name = registry.download.service, interface = org.wso2.carbon.registry.resource.download.DownloadManagerService, policy = dynamic, cardinality = 0..1, target = null, bind = setDownloadManagerService, unbind = unsetDownloadManagerService]

!ENTRY org.eclipse.equinox.ds 4 0 2016-06-26 23:41:42.949
!MESSAGE Could not bind a reference of component org.wso2.carbon.registry.resource. The reference is: Reference[name = registry.download.service, interface = org.wso2.carbon.registry.resource.download.DownloadManagerService, policy = dynamic, cardinality = 0..1, target = null, bind = setDownloadManagerService, unbind = unsetDownloadManagerService]

!ENTRY org.eclipse.equinox.ds 4 0 2016-06-26 23:41:42.958
!MESSAGE Could not bind a reference of component org.wso2.carbon.registry.servlet. The reference is: Reference[name = registry.uddi, interface = org.wso2.carbon.registry.core.servlet.UDDIServlet, policy = dynamic, cardinality = 0..1, target = null, bind = setJUDDIRegistryServlet, unbind = unsetJUDDIRegistryServlet]

!ENTRY org.eclipse.equinox.ds 4 0 2016-06-26 23:41:42.960
!MESSAGE Could not bind a reference of component org.wso2.carbon.registry.servlet. The reference is: Reference[name = registry.uddi, interface = org.wso2.carbon.registry.core.servlet.UDDIServlet, policy = dynamic, cardinality = 0..1, target = null, bind = setJUDDIRegistryServlet, unbind = unsetJUDDIRegistryServlet]

!ENTRY org.eclipse.equinox.ds 4 0 2016-06-26 23:41:43.223
!MESSAGE Could not bind a reference of component org.wso2.carbon.webapp.mgt.internal.UrlMapperServiceComponent. The reference is: Reference[name = url.mapper.service, interface = org.wso2.carbon.url.mapper.HotUpdateService, policy = dynamic, cardinality = 0..1, target = null, bind = setHotUpdateService, unbind = unsetHotUpdateService]

!ENTRY org.eclipse.equinox.ds 4 0 2016-06-26 23:41:43.223
!MESSAGE Could not bind a reference of component org.wso2.carbon.webapp.mgt.internal.UrlMapperServiceComponent. The reference is: Reference[name = url.mapper.service, interface = org.wso2.carbon.url.mapper.HotUpdateService, policy = dynamic, cardinality = 0..1, target = null, bind = setHotUpdateService, unbind = unsetHotUpdateService]

!ENTRY org.eclipse.osgi 2 1 2016-06-26 23:42:55.008
!MESSAGE NLS missing message: action_not_found in: org.eclipse.equinox.internal.p2.engine.messages

!ENTRY org.eclipse.osgi 2 1 2016-06-26 23:42:55.009
!MESSAGE NLS missing message: action_syntax_error in: org.eclipse.equinox.internal.p2.engine.messages

!ENTRY org.eclipse.osgi 2 1 2016-06-26 23:42:55.009
!MESSAGE NLS missing message: action_undo_error in: org.eclipse.equinox.internal.p2.engine.messages

!ENTRY org.eclipse.osgi 2 1 2016-06-26 23:42:55.009
!MESSAGE NLS missing message: ActionManager_Exception_Creating_Action_Extension in: org.eclipse.equinox.internal.p2.engine.messages

!ENTRY org.eclipse.osgi 2 1 2016-06-26 23:42:55.009
!MESSAGE NLS missing message: ActionManager_Required_Touchpoint_Not_Found in: org.eclipse.equinox.internal.p2.engine.messages

!ENTRY org.eclipse.osgi 2 1 2016-06-26 23:42:55.009
!MESSAGE NLS missing message: actions_not_found in: org.eclipse.equinox.internal.p2.engine.messages

!ENTRY org.eclipse.osgi 2 1 2016-06-26 23:42:55.009
!MESSAGE NLS missing message: CertificateChecker_CertificateError in: org.eclipse.equinox.internal.p2.engine.messages

!ENTRY org.eclipse.osgi 2 1 2016-06-26 23:42:55.009
!MESSAGE NLS missing message: CertificateChecker_CertificateRejected in: org.eclipse.equinox.internal.p2.engine.messages

!ENTRY org.eclipse.osgi 2 1 2016-06-26 23:42:55.009
!MESSAGE NLS missing message: CertificateChecker_KeystoreConnectionError in: org.eclipse.equinox.internal.p2.engine.messages

!ENTRY org.eclipse.osgi 2 1 2016-06-26 23:42:55.009
!MESSAGE NLS missing message: CertificateChecker_SignedContentError in: org.eclipse.equinox.internal.p2.engine.messages

!ENTRY org.eclipse.osgi 2 1 2016-06-26 23:42:55.009
!MESSAGE NLS missing message: CertificateChecker_SignedContentIOError in: org.eclipse.equinox.internal.p2.engine.messages

!ENTRY org.eclipse.osgi 2 1 2016-06-26 23:42:55.009
!MESSAGE NLS missing message: CertificateChecker_UnsignedNotAllowed in: org.eclipse.equinox.internal.p2.engine.messages

!ENTRY org.eclipse.osgi 2 1 2016-06-26 23:42:55.009
!MESSAGE NLS missing message: committing in: org.eclipse.equinox.internal.p2.engine.messages

!ENTRY org.eclipse.osgi 2 1 2016-06-26 23:42:55.009
!MESSAGE NLS missing message: download_artifact in: org.eclipse.equinox.internal.p2.engine.messages

!ENTRY org.eclipse.osgi 2 1 2016-06-26 23:42:55.009
!MESSAGE NLS missing message: download_no_repository in: org.eclipse.equinox.internal.p2.engine.messages

!ENTRY org.eclipse.osgi 2 1 2016-06-26 23:42:55.009
!MESSAGE NLS missing message: Engine_Operation_Canceled_By_User in: org.eclipse.equinox.internal.p2.engine.messages

!ENTRY org.eclipse.osgi 2 1 2016-06-26 23:42:55.010
!MESSAGE NLS missing message: error_parsing_profile in: org.eclipse.equinox.internal.p2.engine.messages

!ENTRY org.eclipse.osgi 2 1 2016-06-26 23:42:55.010
!MESSAGE NLS missing message: error_persisting_profile in: org.eclipse.equinox.internal.p2.engine.messages

!ENTRY org.eclipse.osgi 2 1 2016-06-26 23:42:55.010
!MESSAGE NLS missing message: forced_action_execute_error in: org.eclipse.equinox.internal.p2.engine.messages

!ENTRY org.eclipse.osgi 2 1 2016-06-26 23:42:55.010
!MESSAGE NLS missing message: InstallableUnitEvent_type_not_install_or_uninstall_or_configure in: org.eclipse.equinox.internal.p2.engine.messages

!ENTRY org.eclipse.osgi 2 1 2016-06-26 23:42:55.010
!MESSAGE NLS missing message: io_FailedRead in: org.eclipse.equinox.internal.p2.engine.messages

!ENTRY org.eclipse.osgi 2 1 2016-06-26 23:42:55.010
!MESSAGE NLS missing message: io_NotFound in: org.eclipse.equinox.internal.p2.engine.messages

!ENTRY org.eclipse.osgi 2 1 2016-06-26 23:42:55.010
!MESSAGE NLS missing message: not_current_operand in: org.eclipse.equinox.internal.p2.engine.messages

!ENTRY org.eclipse.osgi 2 1 2016-06-26 23:42:55.010
!MESSAGE NLS missing message: not_current_phase in: org.eclipse.equinox.internal.p2.engine.messages

!ENTRY org.eclipse.osgi 2 1 2016-06-26 23:42:55.010
!MESSAGE NLS missing message: null_action in: org.eclipse.equinox.internal.p2.engine.messages

!ENTRY org.eclipse.osgi 2 1 2016-06-26 23:42:55.010
!MESSAGE NLS missing message: null_operand in: org.eclipse.equinox.internal.p2.engine.messages

!ENTRY org.eclipse.osgi 2 1 2016-06-26 23:42:55.011
!MESSAGE NLS missing message: null_operands in: org.eclipse.equinox.internal.p2.engine.messages

!ENTRY org.eclipse.osgi 2 1 2016-06-26 23:42:55.011
!MESSAGE NLS missing message: null_phase in: org.eclipse.equinox.internal.p2.engine.messages

!ENTRY org.eclipse.osgi 2 1 2016-06-26 23:42:55.012
!MESSAGE NLS missing message: null_phases in: org.eclipse.equinox.internal.p2.engine.messages

!ENTRY org.eclipse.osgi 2 1 2016-06-26 23:42:55.013
!MESSAGE NLS missing message: null_phaseset in: org.eclipse.equinox.internal.p2.engine.messages

!ENTRY org.eclipse.osgi 2 1 2016-06-26 23:42:55.013
!MESSAGE NLS missing message: null_profile in: org.eclipse.equinox.internal.p2.engine.messages

!ENTRY org.eclipse.osgi 2 1 2016-06-26 23:42:55.013
!MESSAGE NLS missing message: operand_not_started in: org.eclipse.equinox.internal.p2.engine.messages

!ENTRY org.eclipse.osgi 2 1 2016-06-26 23:42:55.013
!MESSAGE NLS missing message: operand_started in: org.eclipse.equinox.internal.p2.engine.messages

!ENTRY org.eclipse.osgi 2 1 2016-06-26 23:42:55.013
!MESSAGE NLS missing message: ParameterizedProvisioningAction_action_or_parameters_null in: org.eclipse.equinox.internal.p2.engine.messages

!ENTRY org.eclipse.osgi 2 1 2016-06-26 23:42:55.013
!MESSAGE NLS missing message: phase_error in: org.eclipse.equinox.internal.p2.engine.messages

!ENTRY org.eclipse.osgi 2 1 2016-06-26 23:42:55.013
!MESSAGE NLS missing message: phase_not_started in: org.eclipse.equinox.internal.p2.engine.messages

!ENTRY org.eclipse.osgi 2 1 2016-06-26 23:42:55.013
!MESSAGE NLS missing message: phase_started in: org.eclipse.equinox.internal.p2.engine.messages

!ENTRY org.eclipse.osgi 2 1 2016-06-26 23:42:55.013
!MESSAGE NLS missing message: phase_undo_error in: org.eclipse.equinox.internal.p2.engine.messages

!ENTRY org.eclipse.osgi 2 1 2016-06-26 23:42:55.014
!MESSAGE NLS missing message: phase_undo_operand_error in: org.eclipse.equinox.internal.p2.engine.messages

!ENTRY org.eclipse.osgi 2 1 2016-06-26 23:42:55.016
!MESSAGE NLS missing message: Phase_Collect_Error in: org.eclipse.equinox.internal.p2.engine.messages

!ENTRY org.eclipse.osgi 2 1 2016-06-26 23:42:55.016
!MESSAGE NLS missing message: Phase_Install_Error in: org.eclipse.equinox.internal.p2.engine.messages

!ENTRY org.eclipse.osgi 2 1 2016-06-26 23:42:55.016
!MESSAGE NLS missing message: Phase_Configure_Error in: org.eclipse.equinox.internal.p2.engine.messages

!ENTRY org.eclipse.osgi 2 1 2016-06-26 23:42:55.017
!MESSAGE NLS missing message: Phase_Configure_Task in: org.eclipse.equinox.internal.p2.engine.messages

!ENTRY org.eclipse.osgi 2 1 2016-06-26 23:42:55.017
!MESSAGE NLS missing message: Phase_Install_Task in: org.eclipse.equinox.internal.p2.engine.messages

!ENTRY org.eclipse.osgi 2 1 2016-06-26 23:42:55.017
!MESSAGE NLS missing message: Phase_Sizing_Error in: org.eclipse.equinox.internal.p2.engine.messages

!ENTRY org.eclipse.osgi 2 1 2016-06-26 23:42:55.017
!MESSAGE NLS missing message: Phase_Sizing_Warning in: org.eclipse.equinox.internal.p2.engine.messages

!ENTRY org.eclipse.osgi 2 1 2016-06-26 23:42:55.017
!MESSAGE NLS missing message: phase_thread_interrupted_error in: org.eclipse.equinox.internal.p2.engine.messages

!ENTRY org.eclipse.osgi 2 1 2016-06-26 23:42:55.017
!MESSAGE NLS missing message: Phase_Unconfigure_Error in: org.eclipse.equinox.internal.p2.engine.messages

!ENTRY org.eclipse.osgi 2 1 2016-06-26 23:42:55.017
!MESSAGE NLS missing message: Phase_Uninstall_Error in: org.eclipse.equinox.internal.p2.engine.messages

!ENTRY org.eclipse.osgi 2 1 2016-06-26 23:42:55.018
!MESSAGE NLS missing message: phaseid_not_positive in: org.eclipse.equinox.internal.p2.engine.messages

!ENTRY org.eclipse.osgi 2 1 2016-06-26 23:42:55.018
!MESSAGE NLS missing message: phaseid_not_set in: org.eclipse.equinox.internal.p2.engine.messages

!ENTRY org.eclipse.osgi 2 1 2016-06-26 23:42:55.018
!MESSAGE NLS missing message: preparing in: org.eclipse.equinox.internal.p2.engine.messages

!ENTRY org.eclipse.osgi 2 1 2016-06-26 23:42:55.018
!MESSAGE NLS missing message: profile_does_not_exist in: org.eclipse.equinox.internal.p2.engine.messages

!ENTRY org.eclipse.osgi 2 1 2016-06-26 23:42:55.019
!MESSAGE NLS missing message: Profile_Duplicate_Root_Profile_Id in: org.eclipse.equinox.internal.p2.engine.messages

!ENTRY org.eclipse.osgi 2 1 2016-06-26 23:42:55.019
!MESSAGE NLS missing message: profile_lock_not_reentrant in: org.eclipse.equinox.internal.p2.engine.messages

!ENTRY org.eclipse.osgi 2 1 2016-06-26 23:42:55.019
!MESSAGE NLS missing message: profile_not_current in: org.eclipse.equinox.internal.p2.engine.messages

!ENTRY org.eclipse.osgi 2 1 2016-06-26 23:42:55.019
!MESSAGE NLS missing message: profile_changed in: org.eclipse.equinox.internal.p2.engine.messages

!ENTRY org.eclipse.osgi 2 1 2016-06-26 23:42:55.019
!MESSAGE NLS missing message: profile_not_registered in: org.eclipse.equinox.internal.p2.engine.messages

!ENTRY org.eclipse.osgi 2 1 2016-06-26 23:42:55.019
!MESSAGE NLS missing message: Profile_Null_Profile_Id in: org.eclipse.equinox.internal.p2.engine.messages

!ENTRY org.eclipse.osgi 2 1 2016-06-26 23:42:55.019
!MESSAGE NLS missing message: Profile_Parent_Not_Found in: org.eclipse.equinox.internal.p2.engine.messages

!ENTRY org.eclipse.osgi 2 1 2016-06-26 23:42:55.019
!MESSAGE NLS missing message: ProfilePreferences_saving in: org.eclipse.equinox.internal.p2.engine.messages

!ENTRY org.eclipse.osgi 2 1 2016-06-26 23:42:55.019
!MESSAGE NLS missing message: reg_dir_not_available in: org.eclipse.equinox.internal.p2.engine.messages

!ENTRY org.eclipse.osgi 2 1 2016-06-26 23:42:55.020
!MESSAGE NLS missing message: rollingback_cancel in: org.eclipse.equinox.internal.p2.engine.messages

!ENTRY org.eclipse.osgi 2 1 2016-06-26 23:42:55.020
!MESSAGE NLS missing message: rollingback_error in: org.eclipse.equinox.internal.p2.engine.messages

!ENTRY org.eclipse.osgi 2 1 2016-06-26 23:42:55.020
!MESSAGE NLS missing message: session_commit_error in: org.eclipse.equinox.internal.p2.engine.messages

!ENTRY org.eclipse.osgi 2 1 2016-06-26 23:42:55.020
!MESSAGE NLS missing message: session_context in: org.eclipse.equinox.internal.p2.engine.messages

!ENTRY org.eclipse.osgi 2 1 2016-06-26 23:42:55.020
!MESSAGE NLS missing message: session_prepare_error in: org.eclipse.equinox.internal.p2.engine.messages

!ENTRY org.eclipse.osgi 2 1 2016-06-26 23:42:55.020
!MESSAGE NLS missing message: shared_profile_not_found in: org.eclipse.equinox.internal.p2.engine.messages

!ENTRY org.eclipse.osgi 2 1 2016-06-26 23:42:55.020
!MESSAGE NLS missing message: Shared_Profile in: org.eclipse.equinox.internal.p2.engine.messages

!ENTRY org.eclipse.osgi 2 1 2016-06-26 23:42:55.020
!MESSAGE NLS missing message: SimpleProfileRegistry_Bad_profile_location in: org.eclipse.equinox.internal.p2.engine.messages

!ENTRY org.eclipse.osgi 2 1 2016-06-26 23:42:55.020
!MESSAGE NLS missing message: SimpleProfileRegistry_CannotRemoveCurrentSnapshot in: org.eclipse.equinox.internal.p2.engine.messages

!ENTRY org.eclipse.osgi 2 1 2016-06-26 23:42:55.020
!MESSAGE NLS missing message: SimpleProfileRegistry_Parser_Error_Parsing_Registry in: org.eclipse.equinox.internal.p2.engine.messages

!ENTRY org.eclipse.osgi 2 1 2016-06-26 23:42:55.020
!MESSAGE NLS missing message: SimpleProfileRegistry_Parser_Has_Incompatible_Version in: org.eclipse.equinox.internal.p2.engine.messages

!ENTRY org.eclipse.osgi 2 1 2016-06-26 23:42:55.020
!MESSAGE NLS missing message: SimpleProfileRegistry_Profile_in_use in: org.eclipse.equinox.internal.p2.engine.messages

!ENTRY org.eclipse.osgi 2 1 2016-06-26 23:42:55.020
!MESSAGE NLS missing message: SimpleProfileRegistry_Profile_not_locked in: org.eclipse.equinox.internal.p2.engine.messages

!ENTRY org.eclipse.osgi 2 1 2016-06-26 23:42:55.021
!MESSAGE NLS missing message: SimpleProfileRegistry_Profile_not_locked_due_to_exception in: org.eclipse.equinox.internal.p2.engine.messages

!ENTRY org.eclipse.osgi 2 1 2016-06-26 23:42:55.021
!MESSAGE NLS missing message: SimpleProfileRegistry_States_Error_Reading_File in: org.eclipse.equinox.internal.p2.engine.messages

!ENTRY org.eclipse.osgi 2 1 2016-06-26 23:42:55.021
!MESSAGE NLS missing message: SimpleProfileRegistry_States_Error_Writing_File in: org.eclipse.equinox.internal.p2.engine.messages

!ENTRY org.eclipse.osgi 2 1 2016-06-26 23:42:55.021
!MESSAGE NLS missing message: SimpleProfileRegistry_state_not_found in: org.eclipse.equinox.internal.p2.engine.messages

!ENTRY org.eclipse.osgi 2 1 2016-06-26 23:42:55.021
!MESSAGE NLS missing message: thread_not_owner in: org.eclipse.equinox.internal.p2.engine.messages

!ENTRY org.eclipse.osgi 2 1 2016-06-26 23:42:55.021
!MESSAGE NLS missing message: touchpoint_commit_error in: org.eclipse.equinox.internal.p2.engine.messages

!ENTRY org.eclipse.osgi 2 1 2016-06-26 23:42:55.021
!MESSAGE NLS missing message: touchpoint_prepare_error in: org.eclipse.equinox.internal.p2.engine.messages

!ENTRY org.eclipse.osgi 2 1 2016-06-26 23:42:55.021
!MESSAGE NLS missing message: touchpoint_rollback_error in: org.eclipse.equinox.internal.p2.engine.messages

!ENTRY org.eclipse.osgi 2 1 2016-06-26 23:42:55.021
!MESSAGE NLS missing message: TouchpointManager_Attribute_Not_Specified in: org.eclipse.equinox.internal.p2.engine.messages

!ENTRY org.eclipse.osgi 2 1 2016-06-26 23:42:55.021
!MESSAGE NLS missing message: TouchpointManager_Conflicting_Touchpoint_Types in: org.eclipse.equinox.internal.p2.engine.messages

!ENTRY org.eclipse.osgi 2 1 2016-06-26 23:42:55.021
!MESSAGE NLS missing message: TouchpointManager_Exception_Creating_Touchpoint_Extension in: org.eclipse.equinox.internal.p2.engine.messages

!ENTRY org.eclipse.osgi 2 1 2016-06-26 23:42:55.021
!MESSAGE NLS missing message: TouchpointManager_Incorrectly_Named_Extension in: org.eclipse.equinox.internal.p2.engine.messages

!ENTRY org.eclipse.osgi 2 1 2016-06-26 23:42:55.021
!MESSAGE NLS missing message: TouchpointManager_Null_Creating_Touchpoint_Extension in: org.eclipse.equinox.internal.p2.engine.messages

!ENTRY org.eclipse.osgi 2 1 2016-06-26 23:42:55.021
!MESSAGE NLS missing message: TouchpointManager_Null_Touchpoint_Type_Argument in: org.eclipse.equinox.internal.p2.engine.messages

!ENTRY org.wso2.carbon.webapp.mgt 4 0 2016-06-26 23:46:04.768
!MESSAGE [SCR] Error while attempting to deactivate instance of component Component[
	name = org.wso2.carbon.webapp.mgt.internal.UrlMapperServiceComponent
	factory = null
	autoenable = true
	immediate = true
	implementation = org.wso2.carbon.webapp.mgt.internal.UrlMapperServiceComponent
	state = Disabled
	properties = {service.pid=org.wso2.carbon.webapp.mgt.internal.UrlMapperServiceComponent}
	serviceFactory = false
	serviceInterface = null
	references = {
		Reference[name = url.mapper.service, interface = org.wso2.carbon.url.mapper.HotUpdateService, policy = dynamic, cardinality = 0..1, target = null, bind = setHotUpdateService, unbind = unsetHotUpdateService]
	}
	located in bundle = org.wso2.carbon.webapp.mgt_4.5.2 [317]
]
!STACK 0
java.lang.NoClassDefFoundError: org/wso2/carbon/url/mapper/HotUpdateService
	at java.lang.Class.getDeclaredMethods0(Native Method)
	at java.lang.Class.privateGetDeclaredMethods(Class.java:2701)
	at java.lang.Class.getDeclaredMethod(Class.java:2128)
	at org.eclipse.equinox.internal.ds.model.ServiceComponent.getMethod(ServiceComponent.java:156)
	at org.eclipse.equinox.internal.ds.model.ServiceComponent.deactivate(ServiceComponent.java:380)
	at org.eclipse.equinox.internal.ds.model.ServiceComponentProp.deactivate(ServiceComponentProp.java:161)
	at org.eclipse.equinox.internal.ds.model.ServiceComponentProp.dispose(ServiceComponentProp.java:387)
	at org.eclipse.equinox.internal.ds.model.ServiceComponentProp.dispose(ServiceComponentProp.java:102)
	at org.eclipse.equinox.internal.ds.InstanceProcess.disposeInstances(InstanceProcess.java:344)
	at org.eclipse.equinox.internal.ds.InstanceProcess.disposeInstances(InstanceProcess.java:306)
	at org.eclipse.equinox.internal.ds.Resolver.disposeComponentConfigs(Resolver.java:724)
	at org.eclipse.equinox.internal.ds.Resolver.disableComponents(Resolver.java:700)
	at org.eclipse.equinox.internal.ds.SCRManager.stoppingBundle(SCRManager.java:554)
	at org.eclipse.equinox.internal.ds.SCRManager.bundleChanged(SCRManager.java:233)
	at org.eclipse.osgi.framework.internal.core.BundleContextImpl.dispatchEvent(BundleContextImpl.java:847)
	at org.eclipse.osgi.framework.eventmgr.EventManager.dispatchEvent(EventManager.java:230)
	at org.eclipse.osgi.framework.eventmgr.ListenerQueue.dispatchEventSynchronous(ListenerQueue.java:148)
	at org.eclipse.osgi.framework.internal.core.Framework.publishBundleEventPrivileged(Framework.java:1568)
	at org.eclipse.osgi.framework.internal.core.Framework.publishBundleEvent(Framework.java:1504)
	at org.eclipse.osgi.framework.internal.core.Framework.publishBundleEvent(Framework.java:1499)
	at org.eclipse.osgi.framework.internal.core.BundleHost.stopWorker(BundleHost.java:506)
	at org.eclipse.osgi.framework.internal.core.AbstractBundle.suspend(AbstractBundle.java:566)
	at org.eclipse.osgi.framework.internal.core.Framework.suspendBundle(Framework.java:1206)
	at org.eclipse.osgi.framework.internal.core.StartLevelManager.decFWSL(StartLevelManager.java:592)
	at org.eclipse.osgi.framework.internal.core.StartLevelManager.doSetStartLevel(StartLevelManager.java:257)
	at org.eclipse.osgi.framework.internal.core.StartLevelManager.shutdown(StartLevelManager.java:215)
	at org.eclipse.osgi.framework.internal.core.InternalSystemBundle.suspend(InternalSystemBundle.java:284)
	at org.eclipse.osgi.framework.internal.core.Framework.shutdown(Framework.java:692)
	at org.eclipse.osgi.framework.internal.core.Framework.close(Framework.java:600)
	at org.eclipse.core.runtime.adaptor.EclipseStarter.shutdown(EclipseStarter.java:400)
	at org.wso2.carbon.core.init.CarbonServerManager.shutdown(CarbonServerManager.java:850)
	at org.wso2.carbon.core.init.CarbonServerManager.shutdownGracefully(CarbonServerManager.java:884)
	at org.wso2.carbon.core.init.CarbonServerManager$4.run(CarbonServerManager.java:902)
Caused by: java.lang.ClassNotFoundException: org.wso2.carbon.url.mapper.HotUpdateService cannot be found by org.wso2.carbon.webapp.mgt_4.5.2
	at org.eclipse.osgi.internal.loader.BundleLoader.findClassInternal(BundleLoader.java:501)
	at org.eclipse.osgi.internal.loader.BundleLoader.findClass(BundleLoader.java:421)
	at org.eclipse.osgi.internal.loader.BundleLoader.findClass(BundleLoader.java:412)
	at org.eclipse.osgi.internal.baseadaptor.DefaultClassLoader.loadClass(DefaultClassLoader.java:107)
	at java.lang.ClassLoader.loadClass(ClassLoader.java:357)
	... 33 more

!ENTRY org.wso2.carbon.webapp.mgt 4 0 2016-06-26 23:46:04.768
!MESSAGE [SCR] Error while attempting to deactivate instance of component Component[
	name = org.wso2.carbon.webapp.mgt.internal.UrlMapperServiceComponent
	factory = null
	autoenable = true
	immediate = true
	implementation = org.wso2.carbon.webapp.mgt.internal.UrlMapperServiceComponent
	state = Disabled
	properties = {service.pid=org.wso2.carbon.webapp.mgt.internal.UrlMapperServiceComponent}
	serviceFactory = false
	serviceInterface = null
	references = {
		Reference[name = url.mapper.service, interface = org.wso2.carbon.url.mapper.HotUpdateService, policy = dynamic, cardinality = 0..1, target = null, bind = setHotUpdateService, unbind = unsetHotUpdateService]
	}
	located in bundle = org.wso2.carbon.webapp.mgt_4.5.2 [317]
]
!STACK 0
java.lang.NoClassDefFoundError: org/wso2/carbon/url/mapper/HotUpdateService
	at java.lang.Class.getDeclaredMethods0(Native Method)
	at java.lang.Class.privateGetDeclaredMethods(Class.java:2701)
	at java.lang.Class.getDeclaredMethod(Class.java:2128)
	at org.eclipse.equinox.internal.ds.model.ServiceComponent.getMethod(ServiceComponent.java:156)
	at org.eclipse.equinox.internal.ds.model.ServiceComponent.deactivate(ServiceComponent.java:380)
	at org.eclipse.equinox.internal.ds.model.ServiceComponentProp.deactivate(ServiceComponentProp.java:161)
	at org.eclipse.equinox.internal.ds.model.ServiceComponentProp.dispose(ServiceComponentProp.java:387)
	at org.eclipse.equinox.internal.ds.model.ServiceComponentProp.dispose(ServiceComponentProp.java:102)
	at org.eclipse.equinox.internal.ds.InstanceProcess.disposeInstances(InstanceProcess.java:344)
	at org.eclipse.equinox.internal.ds.InstanceProcess.disposeInstances(InstanceProcess.java:306)
	at org.eclipse.equinox.internal.ds.Resolver.disposeComponentConfigs(Resolver.java:724)
	at org.eclipse.equinox.internal.ds.Resolver.disableComponents(Resolver.java:700)
	at org.eclipse.equinox.internal.ds.SCRManager.stoppingBundle(SCRManager.java:554)
	at org.eclipse.equinox.internal.ds.SCRManager.bundleChanged(SCRManager.java:233)
	at org.eclipse.osgi.framework.internal.core.BundleContextImpl.dispatchEvent(BundleContextImpl.java:847)
	at org.eclipse.osgi.framework.eventmgr.EventManager.dispatchEvent(EventManager.java:230)
	at org.eclipse.osgi.framework.eventmgr.ListenerQueue.dispatchEventSynchronous(ListenerQueue.java:148)
	at org.eclipse.osgi.framework.internal.core.Framework.publishBundleEventPrivileged(Framework.java:1568)
	at org.eclipse.osgi.framework.internal.core.Framework.publishBundleEvent(Framework.java:1504)
	at org.eclipse.osgi.framework.internal.core.Framework.publishBundleEvent(Framework.java:1499)
	at org.eclipse.osgi.framework.internal.core.BundleHost.stopWorker(BundleHost.java:506)
	at org.eclipse.osgi.framework.internal.core.AbstractBundle.suspend(AbstractBundle.java:566)
	at org.eclipse.osgi.framework.internal.core.Framework.suspendBundle(Framework.java:1206)
	at org.eclipse.osgi.framework.internal.core.StartLevelManager.decFWSL(StartLevelManager.java:592)
	at org.eclipse.osgi.framework.internal.core.StartLevelManager.doSetStartLevel(StartLevelManager.java:257)
	at org.eclipse.osgi.framework.internal.core.StartLevelManager.shutdown(StartLevelManager.java:215)
	at org.eclipse.osgi.framework.internal.core.InternalSystemBundle.suspend(InternalSystemBundle.java:284)
	at org.eclipse.osgi.framework.internal.core.Framework.shutdown(Framework.java:692)
	at org.eclipse.osgi.framework.internal.core.Framework.close(Framework.java:600)
	at org.eclipse.core.runtime.adaptor.EclipseStarter.shutdown(EclipseStarter.java:400)
	at org.wso2.carbon.core.init.CarbonServerManager.shutdown(CarbonServerManager.java:850)
	at org.wso2.carbon.core.init.CarbonServerManager.shutdownGracefully(CarbonServerManager.java:884)
	at org.wso2.carbon.core.init.CarbonServerManager$4.run(CarbonServerManager.java:902)
Caused by: java.lang.ClassNotFoundException: org.wso2.carbon.url.mapper.HotUpdateService cannot be found by org.wso2.carbon.webapp.mgt_4.5.2
	at org.eclipse.osgi.internal.loader.BundleLoader.findClassInternal(BundleLoader.java:501)
	at org.eclipse.osgi.internal.loader.BundleLoader.findClass(BundleLoader.java:421)
	at org.eclipse.osgi.internal.loader.BundleLoader.findClass(BundleLoader.java:412)
	at org.eclipse.osgi.internal.baseadaptor.DefaultClassLoader.loadClass(DefaultClassLoader.java:107)
	at java.lang.ClassLoader.loadClass(ClassLoader.java:357)
	... 33 more

!ENTRY org.wso2.carbon.webapp.mgt 4 0 2016-06-26 23:46:04.780
!MESSAGE FrameworkEvent ERROR
!STACK 0
org.osgi.framework.BundleException: Exception in org.wso2.carbon.webapp.mgt.internal.WebappManagementActivator.stop() of bundle org.wso2.carbon.webapp.mgt.
	at org.eclipse.osgi.framework.internal.core.BundleContextImpl.stop(BundleContextImpl.java:791)
	at org.eclipse.osgi.framework.internal.core.BundleHost.stopWorker(BundleHost.java:510)
	at org.eclipse.osgi.framework.internal.core.AbstractBundle.suspend(AbstractBundle.java:566)
	at org.eclipse.osgi.framework.internal.core.Framework.suspendBundle(Framework.java:1206)
	at org.eclipse.osgi.framework.internal.core.StartLevelManager.decFWSL(StartLevelManager.java:592)
	at org.eclipse.osgi.framework.internal.core.StartLevelManager.doSetStartLevel(StartLevelManager.java:257)
	at org.eclipse.osgi.framework.internal.core.StartLevelManager.shutdown(StartLevelManager.java:215)
	at org.eclipse.osgi.framework.internal.core.InternalSystemBundle.suspend(InternalSystemBundle.java:284)
	at org.eclipse.osgi.framework.internal.core.Framework.shutdown(Framework.java:692)
	at org.eclipse.osgi.framework.internal.core.Framework.close(Framework.java:600)
	at org.eclipse.core.runtime.adaptor.EclipseStarter.shutdown(EclipseStarter.java:400)
	at org.wso2.carbon.core.init.CarbonServerManager.shutdown(CarbonServerManager.java:850)
	at org.wso2.carbon.core.init.CarbonServerManager.shutdownGracefully(CarbonServerManager.java:884)
	at org.wso2.carbon.core.init.CarbonServerManager$4.run(CarbonServerManager.java:902)
Caused by: java.lang.NullPointerException
	at org.wso2.carbon.webapp.mgt.internal.WebappManagementActivator.stop(WebappManagementActivator.java:61)
	at org.eclipse.osgi.framework.internal.core.BundleContextImpl$2.run(BundleContextImpl.java:771)
	at java.security.AccessController.doPrivileged(Native Method)
	at org.eclipse.osgi.framework.internal.core.BundleContextImpl.stop(BundleContextImpl.java:764)
	... 13 more
Root exception:
java.lang.NullPointerException
	at org.wso2.carbon.webapp.mgt.internal.WebappManagementActivator.stop(WebappManagementActivator.java:61)
	at org.eclipse.osgi.framework.internal.core.BundleContextImpl$2.run(BundleContextImpl.java:771)
	at java.security.AccessController.doPrivileged(Native Method)
	at org.eclipse.osgi.framework.internal.core.BundleContextImpl.stop(BundleContextImpl.java:764)
	at org.eclipse.osgi.framework.internal.core.BundleHost.stopWorker(BundleHost.java:510)
	at org.eclipse.osgi.framework.internal.core.AbstractBundle.suspend(AbstractBundle.java:566)
	at org.eclipse.osgi.framework.internal.core.Framework.suspendBundle(Framework.java:1206)
	at org.eclipse.osgi.framework.internal.core.StartLevelManager.decFWSL(StartLevelManager.java:592)
	at org.eclipse.osgi.framework.internal.core.StartLevelManager.doSetStartLevel(StartLevelManager.java:257)
	at org.eclipse.osgi.framework.internal.core.StartLevelManager.shutdown(StartLevelManager.java:215)
	at org.eclipse.osgi.framework.internal.core.InternalSystemBundle.suspend(InternalSystemBundle.java:284)
	at org.eclipse.osgi.framework.internal.core.Framework.shutdown(Framework.java:692)
	at org.eclipse.osgi.framework.internal.core.Framework.close(Framework.java:600)
	at org.eclipse.core.runtime.adaptor.EclipseStarter.shutdown(EclipseStarter.java:400)
	at org.wso2.carbon.core.init.CarbonServerManager.shutdown(CarbonServerManager.java:850)
	at org.wso2.carbon.core.init.CarbonServerManager.shutdownGracefully(CarbonServerManager.java:884)
	at org.wso2.carbon.core.init.CarbonServerManager$4.run(CarbonServerManager.java:902)

!ENTRY org.wso2.carbon.server.admin 4 0 2016-06-26 23:46:04.784
!MESSAGE [SCR] Exception occurred while unbinding reference Reference[name = config.context.service, interface = org.wso2.carbon.utils.ConfigurationContextService, policy = dynamic, cardinality = 1..1, target = null, bind = setConfigurationContextService, unbind = unsetConfigurationContextService]
	Details:
	Problematic reference = Reference[name = config.context.service, interface = org.wso2.carbon.utils.ConfigurationContextService, policy = dynamic, cardinality = 1..1, target = null, bind = setConfigurationContextService, unbind = unsetConfigurationContextService]
	of service component = serveradmin.service.component
	component implementation class = org.wso2.carbon.server.admin.internal.ServerAdminServiceComponent
	located in bundle with symbolic name = org.wso2.carbon.server.admin
	bundle location = reference:file:../plugins/org.wso2.carbon.server.admin_4.4.3.jar
!STACK 0
java.lang.reflect.InvocationTargetException
	at sun.reflect.NativeMethodAccessorImpl.invoke0(Native Method)
	at sun.reflect.NativeMethodAccessorImpl.invoke(NativeMethodAccessorImpl.java:62)
	at sun.reflect.DelegatingMethodAccessorImpl.invoke(DelegatingMethodAccessorImpl.java:43)
	at java.lang.reflect.Method.invoke(Method.java:497)
	at org.eclipse.equinox.internal.ds.model.ComponentReference.unbind(ComponentReference.java:476)
	at org.eclipse.equinox.internal.ds.model.ServiceComponentProp.unbindReference(ServiceComponentProp.java:617)
	at org.eclipse.equinox.internal.ds.model.ServiceComponentProp.unbind(ServiceComponentProp.java:262)
	at org.eclipse.equinox.internal.ds.model.ServiceComponentProp.dispose(ServiceComponentProp.java:388)
	at org.eclipse.equinox.internal.ds.model.ServiceComponentProp.dispose(ServiceComponentProp.java:102)
	at org.eclipse.equinox.internal.ds.InstanceProcess.disposeInstances(InstanceProcess.java:344)
	at org.eclipse.equinox.internal.ds.InstanceProcess.disposeInstances(InstanceProcess.java:306)
	at org.eclipse.equinox.internal.ds.Resolver.disposeComponentConfigs(Resolver.java:724)
	at org.eclipse.equinox.internal.ds.Resolver.disableComponents(Resolver.java:700)
	at org.eclipse.equinox.internal.ds.SCRManager.stoppingBundle(SCRManager.java:554)
	at org.eclipse.equinox.internal.ds.SCRManager.bundleChanged(SCRManager.java:233)
	at org.eclipse.osgi.framework.internal.core.BundleContextImpl.dispatchEvent(BundleContextImpl.java:847)
	at org.eclipse.osgi.framework.eventmgr.EventManager.dispatchEvent(EventManager.java:230)
	at org.eclipse.osgi.framework.eventmgr.ListenerQueue.dispatchEventSynchronous(ListenerQueue.java:148)
	at org.eclipse.osgi.framework.internal.core.Framework.publishBundleEventPrivileged(Framework.java:1568)
	at org.eclipse.osgi.framework.internal.core.Framework.publishBundleEvent(Framework.java:1504)
	at org.eclipse.osgi.framework.internal.core.Framework.publishBundleEvent(Framework.java:1499)
	at org.eclipse.osgi.framework.internal.core.BundleHost.stopWorker(BundleHost.java:506)
	at org.eclipse.osgi.framework.internal.core.AbstractBundle.suspend(AbstractBundle.java:566)
	at org.eclipse.osgi.framework.internal.core.Framework.suspendBundle(Framework.java:1206)
	at org.eclipse.osgi.framework.internal.core.StartLevelManager.decFWSL(StartLevelManager.java:592)
	at org.eclipse.osgi.framework.internal.core.StartLevelManager.doSetStartLevel(StartLevelManager.java:257)
	at org.eclipse.osgi.framework.internal.core.StartLevelManager.shutdown(StartLevelManager.java:215)
	at org.eclipse.osgi.framework.internal.core.InternalSystemBundle.suspend(InternalSystemBundle.java:284)
	at org.eclipse.osgi.framework.internal.core.Framework.shutdown(Framework.java:692)
	at org.eclipse.osgi.framework.internal.core.Framework.close(Framework.java:600)
	at org.eclipse.core.runtime.adaptor.EclipseStarter.shutdown(EclipseStarter.java:400)
	at org.wso2.carbon.core.init.CarbonServerManager.shutdown(CarbonServerManager.java:850)
	at org.wso2.carbon.core.init.CarbonServerManager.shutdownGracefully(CarbonServerManager.java:884)
	at org.wso2.carbon.core.init.CarbonServerManager$4.run(CarbonServerManager.java:902)
Caused by: java.lang.NullPointerException
	at org.wso2.carbon.server.admin.internal.ServerAdminServiceComponent.unsetConfigurationContextService(ServerAdminServiceComponent.java:185)
	... 34 more
Root exception:
java.lang.NullPointerException
	at org.wso2.carbon.server.admin.internal.ServerAdminServiceComponent.unsetConfigurationContextService(ServerAdminServiceComponent.java:185)
	at sun.reflect.NativeMethodAccessorImpl.invoke0(Native Method)
	at sun.reflect.NativeMethodAccessorImpl.invoke(NativeMethodAccessorImpl.java:62)
	at sun.reflect.DelegatingMethodAccessorImpl.invoke(DelegatingMethodAccessorImpl.java:43)
	at java.lang.reflect.Method.invoke(Method.java:497)
	at org.eclipse.equinox.internal.ds.model.ComponentReference.unbind(ComponentReference.java:476)
	at org.eclipse.equinox.internal.ds.model.ServiceComponentProp.unbindReference(ServiceComponentProp.java:617)
	at org.eclipse.equinox.internal.ds.model.ServiceComponentProp.unbind(ServiceComponentProp.java:262)
	at org.eclipse.equinox.internal.ds.model.ServiceComponentProp.dispose(ServiceComponentProp.java:388)
	at org.eclipse.equinox.internal.ds.model.ServiceComponentProp.dispose(ServiceComponentProp.java:102)
	at org.eclipse.equinox.internal.ds.InstanceProcess.disposeInstances(InstanceProcess.java:344)
	at org.eclipse.equinox.internal.ds.InstanceProcess.disposeInstances(InstanceProcess.java:306)
	at org.eclipse.equinox.internal.ds.Resolver.disposeComponentConfigs(Resolver.java:724)
	at org.eclipse.equinox.internal.ds.Resolver.disableComponents(Resolver.java:700)
	at org.eclipse.equinox.internal.ds.SCRManager.stoppingBundle(SCRManager.java:554)
	at org.eclipse.equinox.internal.ds.SCRManager.bundleChanged(SCRManager.java:233)
	at org.eclipse.osgi.framework.internal.core.BundleContextImpl.dispatchEvent(BundleContextImpl.java:847)
	at org.eclipse.osgi.framework.eventmgr.EventManager.dispatchEvent(EventManager.java:230)
	at org.eclipse.osgi.framework.eventmgr.ListenerQueue.dispatchEventSynchronous(ListenerQueue.java:148)
	at org.eclipse.osgi.framework.internal.core.Framework.publishBundleEventPrivileged(Framework.java:1568)
	at org.eclipse.osgi.framework.internal.core.Framework.publishBundleEvent(Framework.java:1504)
	at org.eclipse.osgi.framework.internal.core.Framework.publishBundleEvent(Framework.java:1499)
	at org.eclipse.osgi.framework.internal.core.BundleHost.stopWorker(BundleHost.java:506)
	at org.eclipse.osgi.framework.internal.core.AbstractBundle.suspend(AbstractBundle.java:566)
	at org.eclipse.osgi.framework.internal.core.Framework.suspendBundle(Framework.java:1206)
	at org.eclipse.osgi.framework.internal.core.StartLevelManager.decFWSL(StartLevelManager.java:592)
	at org.eclipse.osgi.framework.internal.core.StartLevelManager.doSetStartLevel(StartLevelManager.java:257)
	at org.eclipse.osgi.framework.internal.core.StartLevelManager.shutdown(StartLevelManager.java:215)
	at org.eclipse.osgi.framework.internal.core.InternalSystemBundle.suspend(InternalSystemBundle.java:284)
	at org.eclipse.osgi.framework.internal.core.Framework.shutdown(Framework.java:692)
	at org.eclipse.osgi.framework.internal.core.Framework.close(Framework.java:600)
	at org.eclipse.core.runtime.adaptor.EclipseStarter.shutdown(EclipseStarter.java:400)
	at org.wso2.carbon.core.init.CarbonServerManager.shutdown(CarbonServerManager.java:850)
	at org.wso2.carbon.core.init.CarbonServerManager.shutdownGracefully(CarbonServerManager.java:884)
	at org.wso2.carbon.core.init.CarbonServerManager$4.run(CarbonServerManager.java:902)

!ENTRY org.wso2.carbon.server.admin 4 0 2016-06-26 23:46:04.786
!MESSAGE [SCR] Exception occurred while unbinding reference Reference[name = config.context.service, interface = org.wso2.carbon.utils.ConfigurationContextService, policy = dynamic, cardinality = 1..1, target = null, bind = setConfigurationContextService, unbind = unsetConfigurationContextService]
	Details:
	Problematic reference = Reference[name = config.context.service, interface = org.wso2.carbon.utils.ConfigurationContextService, policy = dynamic, cardinality = 1..1, target = null, bind = setConfigurationContextService, unbind = unsetConfigurationContextService]
	of service component = serveradmin.service.component
	component implementation class = org.wso2.carbon.server.admin.internal.ServerAdminServiceComponent
	located in bundle with symbolic name = org.wso2.carbon.server.admin
	bundle location = reference:file:../plugins/org.wso2.carbon.server.admin_4.4.3.jar
!STACK 0
java.lang.reflect.InvocationTargetException
	at sun.reflect.NativeMethodAccessorImpl.invoke0(Native Method)
	at sun.reflect.NativeMethodAccessorImpl.invoke(NativeMethodAccessorImpl.java:62)
	at sun.reflect.DelegatingMethodAccessorImpl.invoke(DelegatingMethodAccessorImpl.java:43)
	at java.lang.reflect.Method.invoke(Method.java:497)
	at org.eclipse.equinox.internal.ds.model.ComponentReference.unbind(ComponentReference.java:476)
	at org.eclipse.equinox.internal.ds.model.ServiceComponentProp.unbindReference(ServiceComponentProp.java:617)
	at org.eclipse.equinox.internal.ds.model.ServiceComponentProp.unbind(ServiceComponentProp.java:262)
	at org.eclipse.equinox.internal.ds.model.ServiceComponentProp.dispose(ServiceComponentProp.java:388)
	at org.eclipse.equinox.internal.ds.model.ServiceComponentProp.dispose(ServiceComponentProp.java:102)
	at org.eclipse.equinox.internal.ds.InstanceProcess.disposeInstances(InstanceProcess.java:344)
	at org.eclipse.equinox.internal.ds.InstanceProcess.disposeInstances(InstanceProcess.java:306)
	at org.eclipse.equinox.internal.ds.Resolver.disposeComponentConfigs(Resolver.java:724)
	at org.eclipse.equinox.internal.ds.Resolver.disableComponents(Resolver.java:700)
	at org.eclipse.equinox.internal.ds.SCRManager.stoppingBundle(SCRManager.java:554)
	at org.eclipse.equinox.internal.ds.SCRManager.bundleChanged(SCRManager.java:233)
	at org.eclipse.osgi.framework.internal.core.BundleContextImpl.dispatchEvent(BundleContextImpl.java:847)
	at org.eclipse.osgi.framework.eventmgr.EventManager.dispatchEvent(EventManager.java:230)
	at org.eclipse.osgi.framework.eventmgr.ListenerQueue.dispatchEventSynchronous(ListenerQueue.java:148)
	at org.eclipse.osgi.framework.internal.core.Framework.publishBundleEventPrivileged(Framework.java:1568)
	at org.eclipse.osgi.framework.internal.core.Framework.publishBundleEvent(Framework.java:1504)
	at org.eclipse.osgi.framework.internal.core.Framework.publishBundleEvent(Framework.java:1499)
	at org.eclipse.osgi.framework.internal.core.BundleHost.stopWorker(BundleHost.java:506)
	at org.eclipse.osgi.framework.internal.core.AbstractBundle.suspend(AbstractBundle.java:566)
	at org.eclipse.osgi.framework.internal.core.Framework.suspendBundle(Framework.java:1206)
	at org.eclipse.osgi.framework.internal.core.StartLevelManager.decFWSL(StartLevelManager.java:592)
	at org.eclipse.osgi.framework.internal.core.StartLevelManager.doSetStartLevel(StartLevelManager.java:257)
	at org.eclipse.osgi.framework.internal.core.StartLevelManager.shutdown(StartLevelManager.java:215)
	at org.eclipse.osgi.framework.internal.core.InternalSystemBundle.suspend(InternalSystemBundle.java:284)
	at org.eclipse.osgi.framework.internal.core.Framework.shutdown(Framework.java:692)
	at org.eclipse.osgi.framework.internal.core.Framework.close(Framework.java:600)
	at org.eclipse.core.runtime.adaptor.EclipseStarter.shutdown(EclipseStarter.java:400)
	at org.wso2.carbon.core.init.CarbonServerManager.shutdown(CarbonServerManager.java:850)
	at org.wso2.carbon.core.init.CarbonServerManager.shutdownGracefully(CarbonServerManager.java:884)
	at org.wso2.carbon.core.init.CarbonServerManager$4.run(CarbonServerManager.java:902)
Caused by: java.lang.NullPointerException
	at org.wso2.carbon.server.admin.internal.ServerAdminServiceComponent.unsetConfigurationContextService(ServerAdminServiceComponent.java:185)
	... 34 more
Root exception:
java.lang.NullPointerException
	at org.wso2.carbon.server.admin.internal.ServerAdminServiceComponent.unsetConfigurationContextService(ServerAdminServiceComponent.java:185)
	at sun.reflect.NativeMethodAccessorImpl.invoke0(Native Method)
	at sun.reflect.NativeMethodAccessorImpl.invoke(NativeMethodAccessorImpl.java:62)
	at sun.reflect.DelegatingMethodAccessorImpl.invoke(DelegatingMethodAccessorImpl.java:43)
	at java.lang.reflect.Method.invoke(Method.java:497)
	at org.eclipse.equinox.internal.ds.model.ComponentReference.unbind(ComponentReference.java:476)
	at org.eclipse.equinox.internal.ds.model.ServiceComponentProp.unbindReference(ServiceComponentProp.java:617)
	at org.eclipse.equinox.internal.ds.model.ServiceComponentProp.unbind(ServiceComponentProp.java:262)
	at org.eclipse.equinox.internal.ds.model.ServiceComponentProp.dispose(ServiceComponentProp.java:388)
	at org.eclipse.equinox.internal.ds.model.ServiceComponentProp.dispose(ServiceComponentProp.java:102)
	at org.eclipse.equinox.internal.ds.InstanceProcess.disposeInstances(InstanceProcess.java:344)
	at org.eclipse.equinox.internal.ds.InstanceProcess.disposeInstances(InstanceProcess.java:306)
	at org.eclipse.equinox.internal.ds.Resolver.disposeComponentConfigs(Resolver.java:724)
	at org.eclipse.equinox.internal.ds.Resolver.disableComponents(Resolver.java:700)
	at org.eclipse.equinox.internal.ds.SCRManager.stoppingBundle(SCRManager.java:554)
	at org.eclipse.equinox.internal.ds.SCRManager.bundleChanged(SCRManager.java:233)
	at org.eclipse.osgi.framework.internal.core.BundleContextImpl.dispatchEvent(BundleContextImpl.java:847)
	at org.eclipse.osgi.framework.eventmgr.EventManager.dispatchEvent(EventManager.java:230)
	at org.eclipse.osgi.framework.eventmgr.ListenerQueue.dispatchEventSynchronous(ListenerQueue.java:148)
	at org.eclipse.osgi.framework.internal.core.Framework.publishBundleEventPrivileged(Framework.java:1568)
	at org.eclipse.osgi.framework.internal.core.Framework.publishBundleEvent(Framework.java:1504)
	at org.eclipse.osgi.framework.internal.core.Framework.publishBundleEvent(Framework.java:1499)
	at org.eclipse.osgi.framework.internal.core.BundleHost.stopWorker(BundleHost.java:506)
	at org.eclipse.osgi.framework.internal.core.AbstractBundle.suspend(AbstractBundle.java:566)
	at org.eclipse.osgi.framework.internal.core.Framework.suspendBundle(Framework.java:1206)
	at org.eclipse.osgi.framework.internal.core.StartLevelManager.decFWSL(StartLevelManager.java:592)
	at org.eclipse.osgi.framework.internal.core.StartLevelManager.doSetStartLevel(StartLevelManager.java:257)
	at org.eclipse.osgi.framework.internal.core.StartLevelManager.shutdown(StartLevelManager.java:215)
	at org.eclipse.osgi.framework.internal.core.InternalSystemBundle.suspend(InternalSystemBundle.java:284)
	at org.eclipse.osgi.framework.internal.core.Framework.shutdown(Framework.java:692)
	at org.eclipse.osgi.framework.internal.core.Framework.close(Framework.java:600)
	at org.eclipse.core.runtime.adaptor.EclipseStarter.shutdown(EclipseStarter.java:400)
	at org.wso2.carbon.core.init.CarbonServerManager.shutdown(CarbonServerManager.java:850)
	at org.wso2.carbon.core.init.CarbonServerManager.shutdownGracefully(CarbonServerManager.java:884)
	at org.wso2.carbon.core.init.CarbonServerManager$4.run(CarbonServerManager.java:902)
