[2016-06-20 13:51:24,671]  INFO {org.wso2.carbon.server.util.PatchUtils} -  Checking for patch changes ...
[2016-06-20 13:51:24,672]  INFO {org.wso2.carbon.server.util.PatchUtils} -  No new patch or service pack detected, server will start without applying patches 
[2016-06-20 13:51:24,672]  INFO {org.wso2.carbon.server.util.PatchUtils} -  Patch verification started
[2016-06-20 13:51:24,672]  INFO {org.wso2.carbon.server.util.PatchUtils} -  Patch verification successfully completed
[2016-06-20 13:51:52,110]  INFO {org.wso2.carbon.server.util.PatchUtils} -  Checking for patch changes ...
[2016-06-20 13:51:52,116]  INFO {org.wso2.carbon.server.util.PatchUtils} -  No new patch or service pack detected, server will start without applying patches 
[2016-06-20 13:51:52,116]  INFO {org.wso2.carbon.server.util.PatchUtils} -  Patch verification started
[2016-06-20 13:51:52,117]  INFO {org.wso2.carbon.server.util.PatchUtils} -  Patch verification successfully completed
[2016-06-20 14:02:23,486]  INFO {org.wso2.carbon.server.util.PatchUtils} -  Checking for patch changes ...
[2016-06-20 14:02:23,488]  INFO {org.wso2.carbon.server.util.PatchUtils} -  No new patch or service pack detected, server will start without applying patches 
[2016-06-20 14:02:23,488]  INFO {org.wso2.carbon.server.util.PatchUtils} -  Patch verification started
[2016-06-20 14:02:23,488]  INFO {org.wso2.carbon.server.util.PatchUtils} -  Patch verification successfully completed
[2016-06-20 15:13:13,062]  INFO {org.wso2.carbon.server.util.PatchUtils} -  Checking for patch changes ...
[2016-06-20 15:13:13,064]  INFO {org.wso2.carbon.server.util.PatchUtils} -  No new patch or service pack detected, server will start without applying patches 
[2016-06-20 15:13:13,064]  INFO {org.wso2.carbon.server.util.PatchUtils} -  Patch verification started
[2016-06-20 15:13:13,064]  INFO {org.wso2.carbon.server.util.PatchUtils} -  Patch verification successfully completed
[2016-06-20 15:13:32,335]  INFO {org.wso2.carbon.server.util.PatchUtils} -  Checking for patch changes ...
[2016-06-20 15:13:32,337]  INFO {org.wso2.carbon.server.util.PatchUtils} -  No new patch or service pack detected, server will start without applying patches 
[2016-06-20 15:13:32,337]  INFO {org.wso2.carbon.server.util.PatchUtils} -  Patch verification started
[2016-06-20 15:13:32,337]  INFO {org.wso2.carbon.server.util.PatchUtils} -  Patch verification successfully completed
[2016-06-20 18:12:24,481]  INFO {org.wso2.carbon.server.util.PatchUtils} -  Checking for patch changes ...
[2016-06-20 18:12:24,483]  INFO {org.wso2.carbon.server.util.PatchUtils} -  No new patch or service pack detected, server will start without applying patches 
[2016-06-20 18:12:24,483]  INFO {org.wso2.carbon.server.util.PatchUtils} -  Patch verification started
[2016-06-20 18:12:24,483]  INFO {org.wso2.carbon.server.util.PatchUtils} -  Patch verification successfully completed
[2016-06-20 18:26:40,007]  INFO {org.wso2.carbon.server.util.PatchUtils} -  Checking for patch changes ...
[2016-06-20 18:26:40,009]  INFO {org.wso2.carbon.server.util.PatchUtils} -  New patch available - patch9999
[2016-06-20 18:26:40,010]  INFO {org.wso2.carbon.server.extensions.PatchInstaller} -  Patch changes detected 
[2016-06-20 18:26:40,722]  INFO {org.wso2.carbon.server.util.PatchUtils} -  Backed up plugins to patch0000
[2016-06-20 18:26:40,722]  INFO {org.wso2.carbon.server.util.PatchUtils} -  Applying patches ...
[2016-06-20 18:26:40,722]  INFO {org.wso2.carbon.server.util.PatchUtils} -  Applying - patch9999
[2016-06-20 18:26:40,723] ERROR {org.wso2.carbon.server.extensions.PatchInstaller} -  Error occurred while applying patches
java.io.FileNotFoundException: /home/pekasa/WSO2/wso2ml-1.1.0/repository/components/patches/patch9999/org.wso2.carbon.ml.core (Is a directory)
	at java.io.FileInputStream.open0(Native Method)
	at java.io.FileInputStream.open(FileInputStream.java:195)
	at java.io.FileInputStream.<init>(FileInputStream.java:138)
	at org.wso2.carbon.server.util.FileUtils.copyFile(FileUtils.java:148)
	at org.wso2.carbon.server.util.PatchUtils.copyServicepacksAndPatches(PatchUtils.java:90)
	at org.wso2.carbon.server.util.PatchUtils.applyServicepacksAndPatches(PatchUtils.java:45)
	at org.wso2.carbon.server.extensions.PatchInstaller.perform(PatchInstaller.java:58)
	at org.wso2.carbon.server.Main.invokeExtensions(Main.java:149)
	at org.wso2.carbon.server.Main.main(Main.java:92)
	at sun.reflect.NativeMethodAccessorImpl.invoke0(Native Method)
	at sun.reflect.NativeMethodAccessorImpl.invoke(NativeMethodAccessorImpl.java:62)
	at sun.reflect.DelegatingMethodAccessorImpl.invoke(DelegatingMethodAccessorImpl.java:43)
	at java.lang.reflect.Method.invoke(Method.java:497)
	at org.wso2.carbon.bootstrap.Bootstrap.loadClass(Bootstrap.java:63)
	at org.wso2.carbon.bootstrap.Bootstrap.main(Bootstrap.java:45)
[2016-06-21 10:33:25,755]  INFO {org.wso2.carbon.server.util.PatchUtils} -  Checking for patch changes ...
[2016-06-21 10:33:25,757]  INFO {org.wso2.carbon.server.util.PatchUtils} -  New patch available - patch9999
[2016-06-21 10:33:25,757]  INFO {org.wso2.carbon.server.extensions.PatchInstaller} -  Patch changes detected 
[2016-06-21 10:33:25,758]  INFO {org.wso2.carbon.server.util.PatchUtils} -  Applying patches ...
[2016-06-21 10:33:25,758]  INFO {org.wso2.carbon.server.util.PatchUtils} -  restoring bundle backup directory
[2016-06-21 10:34:29,350]  INFO {org.wso2.carbon.server.util.PatchUtils} -  Checking for patch changes ...
[2016-06-21 10:34:29,354]  INFO {org.wso2.carbon.server.util.PatchUtils} -  New patch available - patch0000
[2016-06-21 10:34:29,354]  INFO {org.wso2.carbon.server.util.PatchUtils} -  New patch available - patch9999
[2016-06-21 10:34:29,355]  INFO {org.wso2.carbon.server.extensions.PatchInstaller} -  Patch changes detected 
[2016-06-21 10:34:29,356]  INFO {org.wso2.carbon.server.util.PatchUtils} -  Applying patches ...
[2016-06-21 10:34:29,356]  INFO {org.wso2.carbon.server.util.PatchUtils} -  restoring bundle backup directory
[2016-06-21 10:34:30,198]  INFO {org.wso2.carbon.server.util.PatchUtils} -  Applying - patch9999
[2016-06-21 10:34:30,199] ERROR {org.wso2.carbon.server.extensions.PatchInstaller} -  Error occurred while applying patches
java.io.FileNotFoundException: /home/pekasa/WSO2/wso2ml-1.1.0/repository/components/patches/patch9999/org.wso2.carbon.ml.core (Is a directory)
	at java.io.FileInputStream.open0(Native Method)
	at java.io.FileInputStream.open(FileInputStream.java:195)
	at java.io.FileInputStream.<init>(FileInputStream.java:138)
	at org.wso2.carbon.server.util.FileUtils.copyFile(FileUtils.java:148)
	at org.wso2.carbon.server.util.PatchUtils.copyServicepacksAndPatches(PatchUtils.java:90)
	at org.wso2.carbon.server.util.PatchUtils.applyServicepacksAndPatches(PatchUtils.java:45)
	at org.wso2.carbon.server.extensions.PatchInstaller.perform(PatchInstaller.java:58)
	at org.wso2.carbon.server.Main.invokeExtensions(Main.java:149)
	at org.wso2.carbon.server.Main.main(Main.java:92)
	at sun.reflect.NativeMethodAccessorImpl.invoke0(Native Method)
	at sun.reflect.NativeMethodAccessorImpl.invoke(NativeMethodAccessorImpl.java:62)
	at sun.reflect.DelegatingMethodAccessorImpl.invoke(DelegatingMethodAccessorImpl.java:43)
	at java.lang.reflect.Method.invoke(Method.java:497)
	at org.wso2.carbon.bootstrap.Bootstrap.loadClass(Bootstrap.java:63)
	at org.wso2.carbon.bootstrap.Bootstrap.main(Bootstrap.java:45)
[2016-06-21 10:47:31,864]  INFO {org.wso2.carbon.server.util.PatchUtils} -  Checking for patch changes ...
[2016-06-21 10:47:31,866]  INFO {org.wso2.carbon.server.util.PatchUtils} -  New patch available - patch9999
[2016-06-21 10:47:31,866]  INFO {org.wso2.carbon.server.extensions.PatchInstaller} -  Patch changes detected 
[2016-06-21 10:47:31,867]  INFO {org.wso2.carbon.server.util.PatchUtils} -  Applying patches ...
[2016-06-21 10:47:31,867]  INFO {org.wso2.carbon.server.util.PatchUtils} -  restoring bundle backup directory
[2016-06-21 10:47:32,325]  INFO {org.wso2.carbon.server.util.PatchUtils} -  Applying - patch9999
[2016-06-21 10:47:32,326] ERROR {org.wso2.carbon.server.extensions.PatchInstaller} -  Error occurred while applying patches
java.io.FileNotFoundException: /home/pekasa/WSO2/wso2ml-1.1.0/repository/components/patches/patch9999/org.wso2.carbon.ml.core (Is a directory)
	at java.io.FileInputStream.open0(Native Method)
	at java.io.FileInputStream.open(FileInputStream.java:195)
	at java.io.FileInputStream.<init>(FileInputStream.java:138)
	at org.wso2.carbon.server.util.FileUtils.copyFile(FileUtils.java:148)
	at org.wso2.carbon.server.util.PatchUtils.copyServicepacksAndPatches(PatchUtils.java:90)
	at org.wso2.carbon.server.util.PatchUtils.applyServicepacksAndPatches(PatchUtils.java:45)
	at org.wso2.carbon.server.extensions.PatchInstaller.perform(PatchInstaller.java:58)
	at org.wso2.carbon.server.Main.invokeExtensions(Main.java:149)
	at org.wso2.carbon.server.Main.main(Main.java:92)
	at sun.reflect.NativeMethodAccessorImpl.invoke0(Native Method)
	at sun.reflect.NativeMethodAccessorImpl.invoke(NativeMethodAccessorImpl.java:62)
	at sun.reflect.DelegatingMethodAccessorImpl.invoke(DelegatingMethodAccessorImpl.java:43)
	at java.lang.reflect.Method.invoke(Method.java:497)
	at org.wso2.carbon.bootstrap.Bootstrap.loadClass(Bootstrap.java:63)
	at org.wso2.carbon.bootstrap.Bootstrap.main(Bootstrap.java:45)
[2016-06-21 10:57:09,060]  INFO {org.wso2.carbon.server.util.PatchUtils} -  Checking for patch changes ...
[2016-06-21 10:57:09,062]  INFO {org.wso2.carbon.server.util.PatchUtils} -  New patch available - patch9999
[2016-06-21 10:57:09,062]  INFO {org.wso2.carbon.server.extensions.PatchInstaller} -  Patch changes detected 
[2016-06-21 10:57:09,063]  INFO {org.wso2.carbon.server.util.PatchUtils} -  Applying patches ...
[2016-06-21 10:57:09,063]  INFO {org.wso2.carbon.server.util.PatchUtils} -  restoring bundle backup directory
[2016-06-21 10:57:09,516]  INFO {org.wso2.carbon.server.util.PatchUtils} -  Applying - patch9999
[2016-06-21 10:57:09,517] ERROR {org.wso2.carbon.server.extensions.PatchInstaller} -  Error occurred while applying patches
java.io.FileNotFoundException: /home/pekasa/WSO2/wso2ml-1.1.0/repository/components/patches/patch9999/org.wso2.carbon.ml.core (Is a directory)
	at java.io.FileInputStream.open0(Native Method)
	at java.io.FileInputStream.open(FileInputStream.java:195)
	at java.io.FileInputStream.<init>(FileInputStream.java:138)
	at org.wso2.carbon.server.util.FileUtils.copyFile(FileUtils.java:148)
	at org.wso2.carbon.server.util.PatchUtils.copyServicepacksAndPatches(PatchUtils.java:90)
	at org.wso2.carbon.server.util.PatchUtils.applyServicepacksAndPatches(PatchUtils.java:45)
	at org.wso2.carbon.server.extensions.PatchInstaller.perform(PatchInstaller.java:58)
	at org.wso2.carbon.server.Main.invokeExtensions(Main.java:149)
	at org.wso2.carbon.server.Main.main(Main.java:92)
	at sun.reflect.NativeMethodAccessorImpl.invoke0(Native Method)
	at sun.reflect.NativeMethodAccessorImpl.invoke(NativeMethodAccessorImpl.java:62)
	at sun.reflect.DelegatingMethodAccessorImpl.invoke(DelegatingMethodAccessorImpl.java:43)
	at java.lang.reflect.Method.invoke(Method.java:497)
	at org.wso2.carbon.bootstrap.Bootstrap.loadClass(Bootstrap.java:63)
	at org.wso2.carbon.bootstrap.Bootstrap.main(Bootstrap.java:45)
[2016-06-21 11:06:35,386]  INFO {org.wso2.carbon.server.util.PatchUtils} -  Checking for patch changes ...
[2016-06-21 11:06:35,388]  INFO {org.wso2.carbon.server.util.PatchUtils} -  New patch available - patch9999
[2016-06-21 11:06:35,389]  INFO {org.wso2.carbon.server.extensions.PatchInstaller} -  Patch changes detected 
[2016-06-21 11:06:35,389]  INFO {org.wso2.carbon.server.util.PatchUtils} -  Applying patches ...
[2016-06-21 11:06:35,389]  INFO {org.wso2.carbon.server.util.PatchUtils} -  restoring bundle backup directory
[2016-06-21 11:06:35,855]  INFO {org.wso2.carbon.server.util.PatchUtils} -  Applying - patch9999
[2016-06-21 11:06:35,856] ERROR {org.wso2.carbon.server.extensions.PatchInstaller} -  Error occurred while applying patches
java.io.FileNotFoundException: /home/pekasa/WSO2/wso2ml-1.1.0/repository/components/patches/patch9999/org.wso2.carbon.ml.core (Is a directory)
	at java.io.FileInputStream.open0(Native Method)
	at java.io.FileInputStream.open(FileInputStream.java:195)
	at java.io.FileInputStream.<init>(FileInputStream.java:138)
	at org.wso2.carbon.server.util.FileUtils.copyFile(FileUtils.java:148)
	at org.wso2.carbon.server.util.PatchUtils.copyServicepacksAndPatches(PatchUtils.java:90)
	at org.wso2.carbon.server.util.PatchUtils.applyServicepacksAndPatches(PatchUtils.java:45)
	at org.wso2.carbon.server.extensions.PatchInstaller.perform(PatchInstaller.java:58)
	at org.wso2.carbon.server.Main.invokeExtensions(Main.java:149)
	at org.wso2.carbon.server.Main.main(Main.java:92)
	at sun.reflect.NativeMethodAccessorImpl.invoke0(Native Method)
	at sun.reflect.NativeMethodAccessorImpl.invoke(NativeMethodAccessorImpl.java:62)
	at sun.reflect.DelegatingMethodAccessorImpl.invoke(DelegatingMethodAccessorImpl.java:43)
	at java.lang.reflect.Method.invoke(Method.java:497)
	at org.wso2.carbon.bootstrap.Bootstrap.loadClass(Bootstrap.java:63)
	at org.wso2.carbon.bootstrap.Bootstrap.main(Bootstrap.java:45)
[2016-06-21 11:14:03,224]  INFO {org.wso2.carbon.server.util.PatchUtils} -  Checking for patch changes ...
[2016-06-21 11:14:03,226]  INFO {org.wso2.carbon.server.util.PatchUtils} -  New patch available - patch9999
[2016-06-21 11:14:03,227]  INFO {org.wso2.carbon.server.extensions.PatchInstaller} -  Patch changes detected 
[2016-06-21 11:14:03,227]  INFO {org.wso2.carbon.server.util.PatchUtils} -  Applying patches ...
[2016-06-21 11:14:03,227]  INFO {org.wso2.carbon.server.util.PatchUtils} -  restoring bundle backup directory
[2016-06-21 11:14:05,836]  INFO {org.wso2.carbon.server.util.PatchUtils} -  Applying - patch9999
[2016-06-21 11:14:05,837] ERROR {org.wso2.carbon.server.extensions.PatchInstaller} -  Error occurred while applying patches
java.io.FileNotFoundException: /home/pekasa/WSO2/wso2ml-1.1.0/repository/components/patches/patch9999/org.wso2.carbon.ml.core (Is a directory)
	at java.io.FileInputStream.open0(Native Method)
	at java.io.FileInputStream.open(FileInputStream.java:195)
	at java.io.FileInputStream.<init>(FileInputStream.java:138)
	at org.wso2.carbon.server.util.FileUtils.copyFile(FileUtils.java:148)
	at org.wso2.carbon.server.util.PatchUtils.copyServicepacksAndPatches(PatchUtils.java:90)
	at org.wso2.carbon.server.util.PatchUtils.applyServicepacksAndPatches(PatchUtils.java:45)
	at org.wso2.carbon.server.extensions.PatchInstaller.perform(PatchInstaller.java:58)
	at org.wso2.carbon.server.Main.invokeExtensions(Main.java:149)
	at org.wso2.carbon.server.Main.main(Main.java:92)
	at sun.reflect.NativeMethodAccessorImpl.invoke0(Native Method)
	at sun.reflect.NativeMethodAccessorImpl.invoke(NativeMethodAccessorImpl.java:62)
	at sun.reflect.DelegatingMethodAccessorImpl.invoke(DelegatingMethodAccessorImpl.java:43)
	at java.lang.reflect.Method.invoke(Method.java:497)
	at org.wso2.carbon.bootstrap.Bootstrap.loadClass(Bootstrap.java:63)
	at org.wso2.carbon.bootstrap.Bootstrap.main(Bootstrap.java:45)
[2016-06-21 11:17:59,817]  INFO {org.wso2.carbon.server.util.PatchUtils} -  Checking for patch changes ...
[2016-06-21 11:17:59,819]  INFO {org.wso2.carbon.server.util.PatchUtils} -  New patch available - patch9999
[2016-06-21 11:17:59,820]  INFO {org.wso2.carbon.server.extensions.PatchInstaller} -  Patch changes detected 
[2016-06-21 11:17:59,820]  INFO {org.wso2.carbon.server.util.PatchUtils} -  Applying patches ...
[2016-06-21 11:17:59,821]  INFO {org.wso2.carbon.server.util.PatchUtils} -  restoring bundle backup directory
[2016-06-21 11:18:00,291]  INFO {org.wso2.carbon.server.util.PatchUtils} -  Applying - patch9999
[2016-06-21 11:18:00,292] ERROR {org.wso2.carbon.server.extensions.PatchInstaller} -  Error occurred while applying patches
java.io.FileNotFoundException: /home/pekasa/WSO2/wso2ml-1.1.0/repository/components/patches/patch9999/org.wso2.carbon.ml.core (Is a directory)
	at java.io.FileInputStream.open0(Native Method)
	at java.io.FileInputStream.open(FileInputStream.java:195)
	at java.io.FileInputStream.<init>(FileInputStream.java:138)
	at org.wso2.carbon.server.util.FileUtils.copyFile(FileUtils.java:148)
	at org.wso2.carbon.server.util.PatchUtils.copyServicepacksAndPatches(PatchUtils.java:90)
	at org.wso2.carbon.server.util.PatchUtils.applyServicepacksAndPatches(PatchUtils.java:45)
	at org.wso2.carbon.server.extensions.PatchInstaller.perform(PatchInstaller.java:58)
	at org.wso2.carbon.server.Main.invokeExtensions(Main.java:149)
	at org.wso2.carbon.server.Main.main(Main.java:92)
	at sun.reflect.NativeMethodAccessorImpl.invoke0(Native Method)
	at sun.reflect.NativeMethodAccessorImpl.invoke(NativeMethodAccessorImpl.java:62)
	at sun.reflect.DelegatingMethodAccessorImpl.invoke(DelegatingMethodAccessorImpl.java:43)
	at java.lang.reflect.Method.invoke(Method.java:497)
	at org.wso2.carbon.bootstrap.Bootstrap.loadClass(Bootstrap.java:63)
	at org.wso2.carbon.bootstrap.Bootstrap.main(Bootstrap.java:45)
[2016-06-21 12:52:31,171]  INFO {org.wso2.carbon.server.util.PatchUtils} -  Checking for patch changes ...
[2016-06-21 12:52:31,173]  INFO {org.wso2.carbon.server.util.PatchUtils} -  New patch available - patch9999
[2016-06-21 12:52:31,173]  INFO {org.wso2.carbon.server.extensions.PatchInstaller} -  Patch changes detected 
[2016-06-21 12:52:31,173]  INFO {org.wso2.carbon.server.util.PatchUtils} -  Applying patches ...
[2016-06-21 12:52:31,174]  INFO {org.wso2.carbon.server.util.PatchUtils} -  restoring bundle backup directory
[2016-06-21 12:52:31,634]  INFO {org.wso2.carbon.server.util.PatchUtils} -  Applying - patch9999
[2016-06-21 12:52:31,635] ERROR {org.wso2.carbon.server.extensions.PatchInstaller} -  Error occurred while applying patches
java.io.FileNotFoundException: /home/pekasa/WSO2/wso2ml-1.1.0/repository/components/patches/patch9999/org.wso2.carbon.ml.core (Is a directory)
	at java.io.FileInputStream.open0(Native Method)
	at java.io.FileInputStream.open(FileInputStream.java:195)
	at java.io.FileInputStream.<init>(FileInputStream.java:138)
	at org.wso2.carbon.server.util.FileUtils.copyFile(FileUtils.java:148)
	at org.wso2.carbon.server.util.PatchUtils.copyServicepacksAndPatches(PatchUtils.java:90)
	at org.wso2.carbon.server.util.PatchUtils.applyServicepacksAndPatches(PatchUtils.java:45)
	at org.wso2.carbon.server.extensions.PatchInstaller.perform(PatchInstaller.java:58)
	at org.wso2.carbon.server.Main.invokeExtensions(Main.java:149)
	at org.wso2.carbon.server.Main.main(Main.java:92)
	at sun.reflect.NativeMethodAccessorImpl.invoke0(Native Method)
	at sun.reflect.NativeMethodAccessorImpl.invoke(NativeMethodAccessorImpl.java:62)
	at sun.reflect.DelegatingMethodAccessorImpl.invoke(DelegatingMethodAccessorImpl.java:43)
	at java.lang.reflect.Method.invoke(Method.java:497)
	at org.wso2.carbon.bootstrap.Bootstrap.loadClass(Bootstrap.java:63)
	at org.wso2.carbon.bootstrap.Bootstrap.main(Bootstrap.java:45)
[2016-06-21 13:43:01,449]  INFO {org.wso2.carbon.server.util.PatchUtils} -  Checking for patch changes ...
[2016-06-21 13:43:01,450]  INFO {org.wso2.carbon.server.util.PatchUtils} -  New patch available - patch9999
[2016-06-21 13:43:01,451]  INFO {org.wso2.carbon.server.extensions.PatchInstaller} -  Patch changes detected 
[2016-06-21 13:43:01,451]  INFO {org.wso2.carbon.server.util.PatchUtils} -  Applying patches ...
[2016-06-21 13:43:01,451]  INFO {org.wso2.carbon.server.util.PatchUtils} -  restoring bundle backup directory
[2016-06-21 13:43:03,963]  INFO {org.wso2.carbon.server.util.PatchUtils} -  Applying - patch9999
[2016-06-21 13:43:03,964] ERROR {org.wso2.carbon.server.extensions.PatchInstaller} -  Error occurred while applying patches
java.io.FileNotFoundException: /home/pekasa/WSO2/wso2ml-1.1.0/repository/components/patches/patch9999/org.wso2.carbon.ml.core (Is a directory)
	at java.io.FileInputStream.open0(Native Method)
	at java.io.FileInputStream.open(FileInputStream.java:195)
	at java.io.FileInputStream.<init>(FileInputStream.java:138)
	at org.wso2.carbon.server.util.FileUtils.copyFile(FileUtils.java:148)
	at org.wso2.carbon.server.util.PatchUtils.copyServicepacksAndPatches(PatchUtils.java:90)
	at org.wso2.carbon.server.util.PatchUtils.applyServicepacksAndPatches(PatchUtils.java:45)
	at org.wso2.carbon.server.extensions.PatchInstaller.perform(PatchInstaller.java:58)
	at org.wso2.carbon.server.Main.invokeExtensions(Main.java:149)
	at org.wso2.carbon.server.Main.main(Main.java:92)
	at sun.reflect.NativeMethodAccessorImpl.invoke0(Native Method)
	at sun.reflect.NativeMethodAccessorImpl.invoke(NativeMethodAccessorImpl.java:62)
	at sun.reflect.DelegatingMethodAccessorImpl.invoke(DelegatingMethodAccessorImpl.java:43)
	at java.lang.reflect.Method.invoke(Method.java:497)
	at org.wso2.carbon.bootstrap.Bootstrap.loadClass(Bootstrap.java:63)
	at org.wso2.carbon.bootstrap.Bootstrap.main(Bootstrap.java:45)
[2016-06-21 14:08:18,332]  INFO {org.wso2.carbon.server.util.PatchUtils} -  Checking for patch changes ...
[2016-06-21 14:08:18,336]  INFO {org.wso2.carbon.server.util.PatchUtils} -  New patch available - patch9999
[2016-06-21 14:08:18,339]  INFO {org.wso2.carbon.server.extensions.PatchInstaller} -  Patch changes detected 
[2016-06-21 14:08:18,339]  INFO {org.wso2.carbon.server.util.PatchUtils} -  Applying patches ...
[2016-06-21 14:08:18,340]  INFO {org.wso2.carbon.server.util.PatchUtils} -  restoring bundle backup directory
[2016-06-21 14:08:19,593]  INFO {org.wso2.carbon.server.util.PatchUtils} -  Applying - patch9999
[2016-06-21 14:08:19,594] ERROR {org.wso2.carbon.server.extensions.PatchInstaller} -  Error occurred while applying patches
java.io.FileNotFoundException: /home/pekasa/WSO2/wso2ml-1.1.0/repository/components/patches/patch9999/org.wso2.carbon.ml.core (Is a directory)
	at java.io.FileInputStream.open0(Native Method)
	at java.io.FileInputStream.open(FileInputStream.java:195)
	at java.io.FileInputStream.<init>(FileInputStream.java:138)
	at org.wso2.carbon.server.util.FileUtils.copyFile(FileUtils.java:148)
	at org.wso2.carbon.server.util.PatchUtils.copyServicepacksAndPatches(PatchUtils.java:90)
	at org.wso2.carbon.server.util.PatchUtils.applyServicepacksAndPatches(PatchUtils.java:45)
	at org.wso2.carbon.server.extensions.PatchInstaller.perform(PatchInstaller.java:58)
	at org.wso2.carbon.server.Main.invokeExtensions(Main.java:149)
	at org.wso2.carbon.server.Main.main(Main.java:92)
	at sun.reflect.NativeMethodAccessorImpl.invoke0(Native Method)
	at sun.reflect.NativeMethodAccessorImpl.invoke(NativeMethodAccessorImpl.java:62)
	at sun.reflect.DelegatingMethodAccessorImpl.invoke(DelegatingMethodAccessorImpl.java:43)
	at java.lang.reflect.Method.invoke(Method.java:497)
	at org.wso2.carbon.bootstrap.Bootstrap.loadClass(Bootstrap.java:63)
	at org.wso2.carbon.bootstrap.Bootstrap.main(Bootstrap.java:45)
[2016-06-21 14:21:19,010]  INFO {org.wso2.carbon.server.util.PatchUtils} -  Checking for patch changes ...
[2016-06-21 14:21:19,012]  INFO {org.wso2.carbon.server.util.PatchUtils} -  New patch available - patch9999
[2016-06-21 14:21:19,013]  INFO {org.wso2.carbon.server.extensions.PatchInstaller} -  Patch changes detected 
[2016-06-21 14:21:19,014]  INFO {org.wso2.carbon.server.util.PatchUtils} -  Applying patches ...
[2016-06-21 14:21:19,014]  INFO {org.wso2.carbon.server.util.PatchUtils} -  restoring bundle backup directory
[2016-06-21 14:21:22,497]  INFO {org.wso2.carbon.server.util.PatchUtils} -  Applying - patch9999
[2016-06-21 14:21:22,505]  INFO {org.wso2.carbon.server.util.PatchUtils} -  Patched org.wso2.carbon.ml.commons-1.1.2-SNAPSHOT.jar(MD5:5db5ccf0e285b69edd439a65f42c3c8c)
[2016-06-21 14:21:22,510]  INFO {org.wso2.carbon.server.util.PatchUtils} -  Patched org.wso2.carbon.ml.core-1.1.2-SNAPSHOT.jar(MD5:bbd564f267caafbf00e83683b50aa397)
[2016-06-21 14:21:22,510]  INFO {org.wso2.carbon.server.util.PatchUtils} -  Patch verification started
[2016-06-21 14:21:22,521]  INFO {org.wso2.carbon.server.util.PatchUtils} -  Patch verification successfully completed
[2016-06-21 14:30:20,530]  INFO {org.wso2.carbon.server.util.PatchUtils} -  Checking for patch changes ...
[2016-06-21 14:30:20,535]  INFO {org.wso2.carbon.server.util.PatchUtils} -  No new patch or service pack detected, server will start without applying patches 
[2016-06-21 14:30:20,564]  INFO {org.wso2.carbon.server.util.PatchUtils} -  org.wso2.carbon.ml.core_1.1.2.SNAPSHOT.jar has been updated
[2016-06-21 14:30:20,564]  INFO {org.wso2.carbon.server.extensions.PatchInstaller} -  Patch changes detected 
[2016-06-21 14:30:20,565]  INFO {org.wso2.carbon.server.util.PatchUtils} -  Applying patches ...
[2016-06-21 14:30:20,565]  INFO {org.wso2.carbon.server.util.PatchUtils} -  restoring bundle backup directory
[2016-06-21 14:30:21,712]  INFO {org.wso2.carbon.server.util.PatchUtils} -  Applying - patch9999
[2016-06-21 14:30:21,714]  INFO {org.wso2.carbon.server.util.PatchUtils} -  Patched org.wso2.carbon.ml.commons-1.1.2-SNAPSHOT.jar(MD5:b29294d576414c06a54fecd2482c29a3)
[2016-06-21 14:30:21,719]  INFO {org.wso2.carbon.server.util.PatchUtils} -  Patched org.wso2.carbon.ml.core-1.1.2-SNAPSHOT.jar(MD5:abf80e39948ae9c1b9bacd19ed0dd99b)
[2016-06-21 14:30:21,720]  INFO {org.wso2.carbon.server.util.PatchUtils} -  Patch verification started
[2016-06-21 14:30:21,732]  INFO {org.wso2.carbon.server.util.PatchUtils} -  Patch verification successfully completed
[2016-06-22 09:16:35,702]  INFO {org.wso2.carbon.server.util.PatchUtils} -  Checking for patch changes ...
[2016-06-22 09:16:35,705]  INFO {org.wso2.carbon.server.util.PatchUtils} -  No new patch or service pack detected, server will start without applying patches 
[2016-06-22 09:16:35,729]  INFO {org.wso2.carbon.server.util.PatchUtils} -  Patch verification started
[2016-06-22 09:16:35,737]  INFO {org.wso2.carbon.server.util.PatchUtils} -  Patch verification successfully completed
[2016-06-22 09:45:24,723]  INFO {org.wso2.carbon.server.util.PatchUtils} -  Checking for patch changes ...
[2016-06-22 09:45:24,726]  INFO {org.wso2.carbon.server.util.PatchUtils} -  No new patch or service pack detected, server will start without applying patches 
[2016-06-22 09:45:24,753]  INFO {org.wso2.carbon.server.util.PatchUtils} -  org.wso2.carbon.ml.core_1.1.2.SNAPSHOT.jar has been updated
[2016-06-22 09:45:24,753]  INFO {org.wso2.carbon.server.extensions.PatchInstaller} -  Patch changes detected 
[2016-06-22 09:45:24,753]  INFO {org.wso2.carbon.server.util.PatchUtils} -  Applying patches ...
[2016-06-22 09:45:24,754]  INFO {org.wso2.carbon.server.util.PatchUtils} -  restoring bundle backup directory
[2016-06-22 09:45:26,852]  INFO {org.wso2.carbon.server.util.PatchUtils} -  Applying - patch9999
[2016-06-22 09:45:26,854]  INFO {org.wso2.carbon.server.util.PatchUtils} -  Patched org.wso2.carbon.ml.commons-1.1.2-SNAPSHOT.jar(MD5:421c5aed10d4b54ad0137612f6e106f7)
[2016-06-22 09:45:26,859]  INFO {org.wso2.carbon.server.util.PatchUtils} -  Patched org.wso2.carbon.ml.core-1.1.2-SNAPSHOT.jar(MD5:c4861c83e3ae2ac1bbb96d8d716c7732)
[2016-06-22 09:45:26,859]  INFO {org.wso2.carbon.server.util.PatchUtils} -  Patch verification started
[2016-06-22 09:45:26,870]  INFO {org.wso2.carbon.server.util.PatchUtils} -  Patch verification successfully completed
[2016-06-22 10:02:46,712]  INFO {org.wso2.carbon.server.util.PatchUtils} -  Checking for patch changes ...
[2016-06-22 10:02:46,716]  INFO {org.wso2.carbon.server.util.PatchUtils} -  No new patch or service pack detected, server will start without applying patches 
[2016-06-22 10:02:46,751]  INFO {org.wso2.carbon.server.util.PatchUtils} -  Patch verification started
[2016-06-22 10:02:46,765]  INFO {org.wso2.carbon.server.util.PatchUtils} -  Patch verification successfully completed
[2016-06-22 10:10:08,868]  INFO {org.wso2.carbon.server.util.PatchUtils} -  Checking for patch changes ...
[2016-06-22 10:10:08,870]  INFO {org.wso2.carbon.server.util.PatchUtils} -  No new patch or service pack detected, server will start without applying patches 
[2016-06-22 10:10:08,882]  INFO {org.wso2.carbon.server.util.PatchUtils} -  Patch verification started
[2016-06-22 10:10:08,891]  INFO {org.wso2.carbon.server.util.PatchUtils} -  Patch verification successfully completed
